{"/home/travis/build/npmtest/node-npmtest-tiny-lr/test.js":{"path":"/home/travis/build/npmtest/node-npmtest-tiny-lr/test.js","s":{"1":2,"2":2,"3":2,"4":2,"5":2,"6":2,"7":2,"8":1,"9":2,"10":2,"11":1,"12":1,"13":1,"14":1,"15":2,"16":2,"17":2,"18":2,"19":1,"20":1,"21":2,"22":2,"23":2,"24":1,"25":1,"26":1,"27":1,"28":1,"29":1,"30":1,"31":1,"32":1,"33":1,"34":1,"35":1,"36":1,"37":1,"38":1,"39":2,"40":2,"41":1,"42":2,"43":2,"44":1,"45":2,"46":2,"47":1,"48":2,"49":2,"50":1,"51":1,"52":1,"53":1,"54":1},"b":{"1":[2,1,1,1],"2":[1,1,1,1],"3":[1,1],"4":[1,1],"5":[1,1],"6":[1,1],"7":[1,1],"8":[1,1],"9":[1,1],"10":[1,1,1],"11":[1,1],"12":[1,1],"13":[1,1],"14":[1,1],"15":[1,1],"16":[1,1],"17":[1,1]},"f":{"1":2,"2":2,"3":2,"4":2,"5":2,"6":1,"7":1,"8":1,"9":2,"10":2,"11":2,"12":2,"13":1},"fnMap":{"1":{"name":"(anonymous_1)","line":12,"loc":{"start":{"line":12,"column":1},"end":{"line":12,"column":13}}},"2":{"name":"(anonymous_2)","line":19,"loc":{"start":{"line":19,"column":5},"end":{"line":19,"column":17}}},"3":{"name":"(anonymous_3)","line":23,"loc":{"start":{"line":23,"column":24},"end":{"line":23,"column":36}}},"4":{"name":"(anonymous_4)","line":61,"loc":{"start":{"line":61,"column":5},"end":{"line":61,"column":17}}},"5":{"name":"(anonymous_5)","line":82,"loc":{"start":{"line":82,"column":5},"end":{"line":82,"column":17}}},"6":{"name":"(anonymous_6)","line":91,"loc":{"start":{"line":91,"column":77},"end":{"line":94,"column":10}}},"7":{"name":"(anonymous_7)","line":112,"loc":{"start":{"line":112,"column":83},"end":{"line":115,"column":10}},"skip":true},"8":{"name":"(anonymous_8)","line":123,"loc":{"start":{"line":123,"column":77},"end":{"line":126,"column":10}},"skip":true},"9":{"name":"(anonymous_9)","line":139,"loc":{"start":{"line":139,"column":12},"end":{"line":139,"column":40}},"skip":true},"10":{"name":"(anonymous_10)","line":147,"loc":{"start":{"line":147,"column":77},"end":{"line":150,"column":10}},"skip":true},"11":{"name":"(anonymous_11)","line":158,"loc":{"start":{"line":158,"column":83},"end":{"line":161,"column":10}},"skip":true},"12":{"name":"(anonymous_12)","line":169,"loc":{"start":{"line":169,"column":79},"end":{"line":172,"column":10}},"skip":true},"13":{"name":"(anonymous_13)","line":180,"loc":{"start":{"line":180,"column":75},"end":{"line":183,"column":10}},"skip":true}},"statementMap":{"1":{"start":{"line":12,"column":0},"end":{"line":195,"column":5}},"2":{"start":{"line":14,"column":4},"end":{"line":14,"column":14}},"3":{"start":{"line":19,"column":4},"end":{"line":56,"column":9}},"4":{"start":{"line":21,"column":8},"end":{"line":21,"column":19}},"5":{"start":{"line":23,"column":8},"end":{"line":35,"column":13}},"6":{"start":{"line":24,"column":12},"end":{"line":34,"column":13}},"7":{"start":{"line":25,"column":16},"end":{"line":28,"column":30}},"8":{"start":{"line":30,"column":16},"end":{"line":33,"column":27}},"9":{"start":{"line":37,"column":8},"end":{"line":39,"column":21}},"10":{"start":{"line":40,"column":8},"end":{"line":53,"column":9}},"11":{"start":{"line":43,"column":12},"end":{"line":46,"column":14}},"12":{"start":{"line":47,"column":12},"end":{"line":47,"column":18}},"13":{"start":{"line":50,"column":12},"end":{"line":51,"column":46}},"14":{"start":{"line":52,"column":12},"end":{"line":52,"column":18}},"15":{"start":{"line":55,"column":8},"end":{"line":55,"column":35}},"16":{"start":{"line":61,"column":4},"end":{"line":63,"column":9}},"17":{"start":{"line":62,"column":8},"end":{"line":62,"column":15}},"18":{"start":{"line":64,"column":4},"end":{"line":77,"column":5}},"19":{"start":{"line":70,"column":8},"end":{"line":70,"column":14}},"20":{"start":{"line":76,"column":8},"end":{"line":76,"column":14}},"21":{"start":{"line":82,"column":4},"end":{"line":84,"column":9}},"22":{"start":{"line":83,"column":8},"end":{"line":83,"column":15}},"23":{"start":{"line":85,"column":4},"end":{"line":194,"column":5}},"24":{"start":{"line":91,"column":8},"end":{"line":99,"column":10}},"25":{"start":{"line":98,"column":12},"end":{"line":98,"column":35}},"26":{"start":{"line":102,"column":8},"end":{"line":104,"column":63}},"27":{"start":{"line":105,"column":8},"end":{"line":105,"column":14}},"28":{"start":{"line":112,"column":8},"end":{"line":121,"column":10},"skip":true},"29":{"start":{"line":119,"column":12},"end":{"line":119,"column":55},"skip":true},"30":{"start":{"line":120,"column":12},"end":{"line":120,"column":48},"skip":true},"31":{"start":{"line":123,"column":8},"end":{"line":136,"column":10},"skip":true},"32":{"start":{"line":130,"column":12},"end":{"line":130,"column":76},"skip":true},"33":{"start":{"line":131,"column":12},"end":{"line":131,"column":73},"skip":true},"34":{"start":{"line":132,"column":12},"end":{"line":132,"column":74},"skip":true},"35":{"start":{"line":133,"column":12},"end":{"line":133,"column":79},"skip":true},"36":{"start":{"line":134,"column":12},"end":{"line":134,"column":25},"skip":true},"37":{"start":{"line":135,"column":12},"end":{"line":135,"column":45},"skip":true},"38":{"start":{"line":138,"column":8},"end":{"line":145,"column":14},"skip":true},"39":{"start":{"line":143,"column":16},"end":{"line":143,"column":29},"skip":true},"40":{"start":{"line":144,"column":16},"end":{"line":144,"column":55},"skip":true},"41":{"start":{"line":147,"column":8},"end":{"line":156,"column":10},"skip":true},"42":{"start":{"line":154,"column":12},"end":{"line":154,"column":25},"skip":true},"43":{"start":{"line":155,"column":12},"end":{"line":155,"column":45},"skip":true},"44":{"start":{"line":158,"column":8},"end":{"line":167,"column":10},"skip":true},"45":{"start":{"line":165,"column":12},"end":{"line":165,"column":25},"skip":true},"46":{"start":{"line":166,"column":12},"end":{"line":166,"column":48},"skip":true},"47":{"start":{"line":169,"column":8},"end":{"line":178,"column":10},"skip":true},"48":{"start":{"line":176,"column":12},"end":{"line":176,"column":25},"skip":true},"49":{"start":{"line":177,"column":12},"end":{"line":177,"column":46},"skip":true},"50":{"start":{"line":180,"column":8},"end":{"line":189,"column":10},"skip":true},"51":{"start":{"line":187,"column":12},"end":{"line":187,"column":94},"skip":true},"52":{"start":{"line":188,"column":12},"end":{"line":188,"column":48},"skip":true},"53":{"start":{"line":192,"column":8},"end":{"line":192,"column":35},"skip":true},"54":{"start":{"line":193,"column":8},"end":{"line":193,"column":14},"skip":true}},"branchMap":{"1":{"line":25,"type":"binary-expr","locations":[{"start":{"line":25,"column":23},"end":{"line":25,"column":62}},{"start":{"line":26,"column":20},"end":{"line":26,"column":70}},{"start":{"line":27,"column":20},"end":{"line":27,"column":71}},{"start":{"line":28,"column":20},"end":{"line":28,"column":29}}]},"2":{"line":30,"type":"binary-expr","locations":[{"start":{"line":30,"column":23},"end":{"line":30,"column":37}},{"start":{"line":31,"column":20},"end":{"line":31,"column":61}},{"start":{"line":32,"column":20},"end":{"line":32,"column":70}},{"start":{"line":33,"column":20},"end":{"line":33,"column":26}}]},"3":{"line":37,"type":"cond-expr","locations":[{"start":{"line":38,"column":14},"end":{"line":38,"column":20}},{"start":{"line":39,"column":14},"end":{"line":39,"column":20}}]},"4":{"line":40,"type":"switch","locations":[{"start":{"line":42,"column":8},"end":{"line":47,"column":18}},{"start":{"line":49,"column":8},"end":{"line":52,"column":18}}]},"5":{"line":44,"type":"binary-expr","locations":[{"start":{"line":44,"column":16},"end":{"line":44,"column":44}},{"start":{"line":44,"column":48},"end":{"line":44,"column":66}}]},"6":{"line":50,"type":"binary-expr","locations":[{"start":{"line":50,"column":21},"end":{"line":50,"column":49}},{"start":{"line":50,"column":53},"end":{"line":50,"column":72}}]},"7":{"line":64,"type":"switch","locations":[{"start":{"line":69,"column":4},"end":{"line":70,"column":14}},{"start":{"line":75,"column":4},"end":{"line":76,"column":14}}]},"8":{"line":85,"type":"switch","locations":[{"start":{"line":90,"column":4},"end":{"line":105,"column":14}},{"start":{"line":111,"column":4},"end":{"line":193,"column":14},"skip":true}]},"9":{"line":91,"type":"binary-expr","locations":[{"start":{"line":91,"column":42},"end":{"line":91,"column":73}},{"start":{"line":91,"column":77},"end":{"line":99,"column":9}}]},"10":{"line":102,"type":"binary-expr","locations":[{"start":{"line":102,"column":18},"end":{"line":102,"column":32}},{"start":{"line":103,"column":12},"end":{"line":103,"column":53}},{"start":{"line":104,"column":12},"end":{"line":104,"column":61}}]},"11":{"line":112,"type":"binary-expr","locations":[{"start":{"line":112,"column":45},"end":{"line":112,"column":79},"skip":true},{"start":{"line":112,"column":83},"end":{"line":121,"column":9},"skip":true}]},"12":{"line":123,"type":"binary-expr","locations":[{"start":{"line":123,"column":42},"end":{"line":123,"column":73},"skip":true},{"start":{"line":123,"column":77},"end":{"line":136,"column":9},"skip":true}]},"13":{"line":138,"type":"binary-expr","locations":[{"start":{"line":138,"column":48},"end":{"line":138,"column":85},"skip":true},{"start":{"line":139,"column":12},"end":{"line":145,"column":13},"skip":true}]},"14":{"line":147,"type":"binary-expr","locations":[{"start":{"line":147,"column":42},"end":{"line":147,"column":73},"skip":true},{"start":{"line":147,"column":77},"end":{"line":156,"column":9},"skip":true}]},"15":{"line":158,"type":"binary-expr","locations":[{"start":{"line":158,"column":45},"end":{"line":158,"column":79},"skip":true},{"start":{"line":158,"column":83},"end":{"line":167,"column":9},"skip":true}]},"16":{"line":169,"type":"binary-expr","locations":[{"start":{"line":169,"column":43},"end":{"line":169,"column":75},"skip":true},{"start":{"line":169,"column":79},"end":{"line":178,"column":9},"skip":true}]},"17":{"line":180,"type":"binary-expr","locations":[{"start":{"line":180,"column":41},"end":{"line":180,"column":71},"skip":true},{"start":{"line":180,"column":75},"end":{"line":189,"column":9},"skip":true}]}},"code":["/* istanbul instrument in package npmtest_tiny_lr */","/*jslint","    bitwise: true,","    browser: true,","    maxerr: 8,","    maxlen: 96,","    node: true,","    nomen: true,","    regexp: true,","    stupid: true","*/","(function () {","    'use strict';","    var local;","","","","    // run shared js-env code - pre-init","    (function () {","        // init local","        local = {};","        // init modeJs","        local.modeJs = (function () {","            try {","                return typeof navigator.userAgent === 'string' &&","                    typeof document.querySelector('body') === 'object' &&","                    typeof XMLHttpRequest.prototype.open === 'function' &&","                    'browser';","            } catch (errorCaughtBrowser) {","                return module.exports &&","                    typeof process.versions.node === 'string' &&","                    typeof require('http').createServer === 'function' &&","                    'node';","            }","        }());","        // init global","        local.global = local.modeJs === 'browser'","            ? window","            : global;","        switch (local.modeJs) {","        // re-init local from window.local","        case 'browser':","            local = local.global.utility2.objectSetDefault(","                local.global.utility2_rollup || local.global.local,","                local.global.utility2","            );","            break;","        // re-init local from example.js","        case 'node':","            local = (local.global.utility2_rollup || require('utility2'))","                .requireExampleJsFromReadme();","            break;","        }","        // export local","        local.global.local = local;","    }());","","","","    // run shared js-env code - function","    (function () {","        return;","    }());","    switch (local.modeJs) {","","","","    // run browser js-env code - function","    case 'browser':","        break;","","","","    // run node js-env code - function","    case 'node':","        break;","    }","","","","    // run shared js-env code - post-init","    (function () {","        return;","    }());","    switch (local.modeJs) {","","","","    // run browser js-env code - post-init","    case 'browser':","        local.testCase_browser_nullCase = local.testCase_browser_nullCase || function (","            options,","            onError","        ) {","        /*","         * this function will test browsers's null-case handling-behavior-behavior","         */","            onError(null, options);","        };","","        // run tests","        local.nop(local.modeTest &&","            document.querySelector('#testRunButton1') &&","            document.querySelector('#testRunButton1').click());","        break;","","","","    // run node js-env code - post-init","    /* istanbul ignore next */","    case 'node':","        local.testCase_buildApidoc_default = local.testCase_buildApidoc_default || function (","            options,","            onError","        ) {","        /*","         * this function will test buildApidoc's default handling-behavior-behavior","         */","            options = { modulePathList: module.paths };","            local.buildApidoc(options, onError);","        };","","        local.testCase_buildApp_default = local.testCase_buildApp_default || function (","            options,","            onError","        ) {","        /*","         * this function will test buildApp's default handling-behavior-behavior","         */","            local.testCase_buildReadme_default(options, local.onErrorThrow);","            local.testCase_buildLib_default(options, local.onErrorThrow);","            local.testCase_buildTest_default(options, local.onErrorThrow);","            local.testCase_buildCustomOrg_default(options, local.onErrorThrow);","            options = [];","            local.buildApp(options, onError);","        };","","        local.testCase_buildCustomOrg_default = local.testCase_buildCustomOrg_default ||","            function (options, onError) {","            /*","             * this function will test buildCustomOrg's default handling-behavior","             */","                options = {};","                local.buildCustomOrg(options, onError);","            };","","        local.testCase_buildLib_default = local.testCase_buildLib_default || function (","            options,","            onError","        ) {","        /*","         * this function will test buildLib's default handling-behavior","         */","            options = {};","            local.buildLib(options, onError);","        };","","        local.testCase_buildReadme_default = local.testCase_buildReadme_default || function (","            options,","            onError","        ) {","        /*","         * this function will test buildReadme's default handling-behavior-behavior","         */","            options = {};","            local.buildReadme(options, onError);","        };","","        local.testCase_buildTest_default = local.testCase_buildTest_default || function (","            options,","            onError","        ) {","        /*","         * this function will test buildTest's default handling-behavior","         */","            options = {};","            local.buildTest(options, onError);","        };","","        local.testCase_webpage_default = local.testCase_webpage_default || function (","            options,","            onError","        ) {","        /*","         * this function will test webpage's default handling-behavior","         */","            options = { modeCoverageMerge: true, url: local.serverLocalHost + '?modeTest=1' };","            local.browserTest(options, onError);","        };","","        // run test-server","        local.testRunServer(local);","        break;","    }","}());",""],"l":{"12":2,"14":2,"19":2,"21":2,"23":2,"24":2,"25":2,"30":1,"37":2,"40":2,"43":1,"47":1,"50":1,"52":1,"55":2,"61":2,"62":2,"64":2,"70":1,"76":1,"82":2,"83":2,"85":2,"91":1,"98":1,"102":1,"105":1,"112":1,"119":1,"120":1,"123":1,"130":1,"131":1,"132":1,"133":1,"134":1,"135":1,"138":1,"143":2,"144":2,"147":1,"154":2,"155":2,"158":1,"165":2,"166":2,"169":1,"176":2,"177":2,"180":1,"187":1,"188":1,"192":1,"193":1}},"/home/travis/build/npmtest/node-npmtest-tiny-lr/lib.npmtest_tiny_lr.js":{"path":"/home/travis/build/npmtest/node-npmtest-tiny-lr/lib.npmtest_tiny_lr.js","s":{"1":2,"2":2,"3":2,"4":2,"5":2,"6":2,"7":2,"8":1,"9":2,"10":2,"11":2,"12":2,"13":1,"14":1,"15":1,"16":1},"b":{"1":[2,1,1,1],"2":[1,1,1,1],"3":[1,1],"4":[2,2],"5":[1,1]},"f":{"1":2,"2":2,"3":2},"fnMap":{"1":{"name":"(anonymous_1)","line":12,"loc":{"start":{"line":12,"column":1},"end":{"line":12,"column":13}}},"2":{"name":"(anonymous_2)","line":19,"loc":{"start":{"line":19,"column":5},"end":{"line":19,"column":17}}},"3":{"name":"(anonymous_3)","line":23,"loc":{"start":{"line":23,"column":24},"end":{"line":23,"column":36}}}},"statementMap":{"1":{"start":{"line":12,"column":0},"end":{"line":53,"column":5}},"2":{"start":{"line":14,"column":4},"end":{"line":14,"column":14}},"3":{"start":{"line":19,"column":4},"end":{"line":52,"column":9}},"4":{"start":{"line":21,"column":8},"end":{"line":21,"column":19}},"5":{"start":{"line":23,"column":8},"end":{"line":35,"column":13}},"6":{"start":{"line":24,"column":12},"end":{"line":34,"column":13}},"7":{"start":{"line":25,"column":16},"end":{"line":28,"column":30}},"8":{"start":{"line":30,"column":16},"end":{"line":33,"column":27}},"9":{"start":{"line":37,"column":8},"end":{"line":39,"column":21}},"10":{"start":{"line":41,"column":8},"end":{"line":41,"column":54}},"11":{"start":{"line":43,"column":8},"end":{"line":43,"column":52}},"12":{"start":{"line":45,"column":8},"end":{"line":51,"column":9}},"13":{"start":{"line":46,"column":12},"end":{"line":46,"column":58}},"14":{"start":{"line":48,"column":12},"end":{"line":48,"column":35}},"15":{"start":{"line":49,"column":12},"end":{"line":49,"column":49}},"16":{"start":{"line":50,"column":12},"end":{"line":50,"column":43}}},"branchMap":{"1":{"line":25,"type":"binary-expr","locations":[{"start":{"line":25,"column":23},"end":{"line":25,"column":62}},{"start":{"line":26,"column":20},"end":{"line":26,"column":70}},{"start":{"line":27,"column":20},"end":{"line":27,"column":71}},{"start":{"line":28,"column":20},"end":{"line":28,"column":29}}]},"2":{"line":30,"type":"binary-expr","locations":[{"start":{"line":30,"column":23},"end":{"line":30,"column":37}},{"start":{"line":31,"column":20},"end":{"line":31,"column":61}},{"start":{"line":32,"column":20},"end":{"line":32,"column":70}},{"start":{"line":33,"column":20},"end":{"line":33,"column":26}}]},"3":{"line":37,"type":"cond-expr","locations":[{"start":{"line":38,"column":14},"end":{"line":38,"column":20}},{"start":{"line":39,"column":14},"end":{"line":39,"column":20}}]},"4":{"line":41,"type":"binary-expr","locations":[{"start":{"line":41,"column":16},"end":{"line":41,"column":44}},{"start":{"line":41,"column":48},"end":{"line":41,"column":53}}]},"5":{"line":45,"type":"if","locations":[{"start":{"line":45,"column":8},"end":{"line":45,"column":8}},{"start":{"line":45,"column":8},"end":{"line":45,"column":8}}]}},"code":["/* istanbul instrument in package npmtest_tiny_lr */","/*jslint","    bitwise: true,","    browser: true,","    maxerr: 8,","    maxlen: 96,","    node: true,","    nomen: true,","    regexp: true,","    stupid: true","*/","(function () {","    'use strict';","    var local;","","","","    // run shared js-env code - pre-init","    (function () {","        // init local","        local = {};","        // init modeJs","        local.modeJs = (function () {","            try {","                return typeof navigator.userAgent === 'string' &&","                    typeof document.querySelector('body') === 'object' &&","                    typeof XMLHttpRequest.prototype.open === 'function' &&","                    'browser';","            } catch (errorCaughtBrowser) {","                return module.exports &&","                    typeof process.versions.node === 'string' &&","                    typeof require('http').createServer === 'function' &&","                    'node';","            }","        }());","        // init global","        local.global = local.modeJs === 'browser'","            ? window","            : global;","        // init utility2_rollup","        local = local.global.utility2_rollup || local;","        // init lib","        local.local = local.npmtest_tiny_lr = local;","        // init exports","        if (local.modeJs === 'browser') {","            local.global.utility2_npmtest_tiny_lr = local;","        } else {","            module.exports = local;","            module.exports.__dirname = __dirname;","            module.exports.module = module;","        }","    }());","}());",""],"l":{"12":2,"14":2,"19":2,"21":2,"23":2,"24":2,"25":2,"30":1,"37":2,"41":2,"43":2,"45":2,"46":1,"48":1,"49":1,"50":1}},"/home/travis/build/npmtest/node-npmtest-tiny-lr/example.js":{"path":"/home/travis/build/npmtest/node-npmtest-tiny-lr/example.js","s":{"1":2,"2":2,"3":2,"4":2,"5":2,"6":2,"7":2,"8":1,"9":2,"10":2,"11":2,"12":2,"13":1,"14":2,"15":2,"16":2,"17":2,"18":2,"19":0,"20":2,"21":1,"22":1,"23":1,"24":1,"25":1,"26":0,"27":0,"28":1,"29":1,"30":2,"31":0,"32":0,"33":0,"34":1,"35":2,"36":2,"37":3,"38":3,"39":3,"40":3,"41":0,"42":3,"43":3,"44":3,"45":1,"46":3,"47":1,"48":1,"49":1,"50":1,"51":1,"52":1,"53":1,"54":1,"55":1,"56":1,"57":0,"58":1,"59":6,"60":6,"61":1,"62":2,"63":0,"64":2,"65":1,"66":1,"67":0,"68":0,"69":0,"70":0,"71":0,"72":0,"73":0,"74":0,"75":0,"76":0,"77":0,"78":0,"79":0,"80":0,"81":0,"82":0,"83":0},"b":{"1":[2,1,1,1],"2":[1,1,1,1],"3":[1,1],"4":[2,2],"5":[1,1],"6":[1,1],"7":[2,0],"8":[2,1,1,1,1,1],"9":[0,2,0],"10":[1,1],"11":[2,1,1],"12":[1,0],"13":[0,2],"14":[2,0,0,0,0,0,0],"15":[0,3],"16":[3,0],"17":[1,1],"18":[0,1],"19":[1,2,0,2],"20":[1,0],"21":[1,1],"22":[0,0],"23":[0,0],"24":[0,0],"25":[0,0],"26":[0,0],"27":[0,0],"28":[0,0]},"f":{"1":2,"2":2,"3":2,"4":2,"5":2,"6":2,"7":3,"8":3,"9":3,"10":1,"11":6,"12":0},"fnMap":{"1":{"name":"(anonymous_1)","line":26,"loc":{"start":{"line":26,"column":1},"end":{"line":26,"column":13}}},"2":{"name":"(anonymous_2)","line":33,"loc":{"start":{"line":33,"column":5},"end":{"line":33,"column":17}}},"3":{"name":"(anonymous_3)","line":37,"loc":{"start":{"line":37,"column":24},"end":{"line":37,"column":36}}},"4":{"name":"(anonymous_4)","line":69,"loc":{"start":{"line":69,"column":31},"end":{"line":69,"column":48}},"skip":true},"5":{"name":"(anonymous_5)","line":78,"loc":{"start":{"line":78,"column":26},"end":{"line":78,"column":45}},"skip":true},"6":{"name":"(anonymous_6)","line":123,"loc":{"start":{"line":123,"column":33},"end":{"line":123,"column":48}},"skip":true},"7":{"name":"(anonymous_7)","line":125,"loc":{"start":{"line":125,"column":27},"end":{"line":125,"column":39}},"skip":true},"8":{"name":"(anonymous_8)","line":133,"loc":{"start":{"line":133,"column":59},"end":{"line":133,"column":74}},"skip":true},"9":{"name":"(anonymous_9)","line":143,"loc":{"start":{"line":143,"column":45},"end":{"line":143,"column":62}},"skip":true},"10":{"name":"(anonymous_10)","line":144,"loc":{"start":{"line":144,"column":73},"end":{"line":144,"column":92}},"skip":true},"11":{"name":"(anonymous_11)","line":272,"loc":{"start":{"line":272,"column":51},"end":{"line":272,"column":77}},"skip":true},"12":{"name":"(anonymous_12)","line":315,"loc":{"start":{"line":315,"column":32},"end":{"line":315,"column":61}},"skip":true}},"statementMap":{"1":{"start":{"line":26,"column":0},"end":{"line":326,"column":5}},"2":{"start":{"line":28,"column":4},"end":{"line":28,"column":14}},"3":{"start":{"line":33,"column":4},"end":{"line":60,"column":9}},"4":{"start":{"line":35,"column":8},"end":{"line":35,"column":19}},"5":{"start":{"line":37,"column":8},"end":{"line":49,"column":13}},"6":{"start":{"line":38,"column":12},"end":{"line":48,"column":13}},"7":{"start":{"line":39,"column":16},"end":{"line":42,"column":30}},"8":{"start":{"line":44,"column":16},"end":{"line":47,"column":27}},"9":{"start":{"line":51,"column":8},"end":{"line":53,"column":21}},"10":{"start":{"line":55,"column":8},"end":{"line":57,"column":45}},"11":{"start":{"line":59,"column":8},"end":{"line":59,"column":35}},"12":{"start":{"line":61,"column":4},"end":{"line":325,"column":5}},"13":{"start":{"line":69,"column":8},"end":{"line":121,"column":10},"skip":true},"14":{"start":{"line":70,"column":12},"end":{"line":88,"column":13},"skip":true},"15":{"start":{"line":76,"column":16},"end":{"line":87,"column":19},"skip":true},"16":{"start":{"line":79,"column":20},"end":{"line":86,"column":21},"skip":true},"17":{"start":{"line":82,"column":24},"end":{"line":82,"column":43},"skip":true},"18":{"start":{"line":83,"column":24},"end":{"line":83,"column":30},"skip":true},"19":{"start":{"line":85,"column":24},"end":{"line":85,"column":49},"skip":true},"20":{"start":{"line":89,"column":12},"end":{"line":107,"column":13},"skip":true},"21":{"start":{"line":92,"column":16},"end":{"line":102,"column":17},"skip":true},"22":{"start":{"line":93,"column":20},"end":{"line":93,"column":86},"skip":true},"23":{"start":{"line":94,"column":20},"end":{"line":95,"column":45},"skip":true},"24":{"start":{"line":96,"column":20},"end":{"line":96,"column":42},"skip":true},"25":{"start":{"line":97,"column":20},"end":{"line":97,"column":48},"skip":true},"26":{"start":{"line":100,"column":20},"end":{"line":100,"column":85},"skip":true},"27":{"start":{"line":101,"column":20},"end":{"line":101,"column":96},"skip":true},"28":{"start":{"line":103,"column":16},"end":{"line":103,"column":22},"skip":true},"29":{"start":{"line":106,"column":16},"end":{"line":106,"column":22},"skip":true},"30":{"start":{"line":108,"column":12},"end":{"line":120,"column":13},"skip":true},"31":{"start":{"line":114,"column":16},"end":{"line":119,"column":17},"skip":true},"32":{"start":{"line":116,"column":20},"end":{"line":116,"column":78},"skip":true},"33":{"start":{"line":118,"column":20},"end":{"line":118,"column":47},"skip":true},"34":{"start":{"line":123,"column":8},"end":{"line":141,"column":11},"skip":true},"35":{"start":{"line":124,"column":12},"end":{"line":124,"column":54},"skip":true},"36":{"start":{"line":125,"column":12},"end":{"line":140,"column":14},"skip":true},"37":{"start":{"line":126,"column":16},"end":{"line":126,"column":28},"skip":true},"38":{"start":{"line":127,"column":16},"end":{"line":127,"column":69},"skip":true},"39":{"start":{"line":128,"column":16},"end":{"line":128,"column":75},"skip":true},"40":{"start":{"line":129,"column":16},"end":{"line":131,"column":17},"skip":true},"41":{"start":{"line":130,"column":20},"end":{"line":130,"column":27},"skip":true},"42":{"start":{"line":133,"column":16},"end":{"line":137,"column":36},"skip":true},"43":{"start":{"line":134,"column":20},"end":{"line":136,"column":55},"skip":true},"44":{"start":{"line":139,"column":16},"end":{"line":139,"column":57},"skip":true},"45":{"start":{"line":143,"column":8},"end":{"line":147,"column":11},"skip":true},"46":{"start":{"line":144,"column":12},"end":{"line":146,"column":15},"skip":true},"47":{"start":{"line":145,"column":16},"end":{"line":145,"column":70},"skip":true},"48":{"start":{"line":149,"column":8},"end":{"line":149,"column":31},"skip":true},"49":{"start":{"line":150,"column":8},"end":{"line":150,"column":14},"skip":true},"50":{"start":{"line":158,"column":8},"end":{"line":158,"column":31},"skip":true},"51":{"start":{"line":160,"column":8},"end":{"line":160,"column":33},"skip":true},"52":{"start":{"line":161,"column":8},"end":{"line":161,"column":37},"skip":true},"53":{"start":{"line":162,"column":8},"end":{"line":162,"column":35},"skip":true},"54":{"start":{"line":164,"column":8},"end":{"line":164,"column":50},"skip":true},"55":{"start":{"line":166,"column":8},"end":{"line":256,"column":2},"skip":true},"56":{"start":{"line":258,"column":8},"end":{"line":286,"column":9},"skip":true},"57":{"start":{"line":259,"column":12},"end":{"line":269,"column":14},"skip":true},"58":{"start":{"line":271,"column":12},"end":{"line":285,"column":19},"skip":true},"59":{"start":{"line":274,"column":20},"end":{"line":274,"column":35},"skip":true},"60":{"start":{"line":275,"column":20},"end":{"line":284,"column":21},"skip":true},"61":{"start":{"line":277,"column":24},"end":{"line":277,"column":64},"skip":true},"62":{"start":{"line":279,"column":24},"end":{"line":279,"column":40},"skip":true},"63":{"start":{"line":281,"column":24},"end":{"line":281,"column":40},"skip":true},"64":{"start":{"line":283,"column":24},"end":{"line":283,"column":39},"skip":true},"65":{"start":{"line":288,"column":8},"end":{"line":290,"column":9},"skip":true},"66":{"start":{"line":289,"column":12},"end":{"line":289,"column":18},"skip":true},"67":{"start":{"line":291,"column":8},"end":{"line":293,"column":54},"skip":true},"68":{"start":{"line":296,"column":8},"end":{"line":301,"column":37},"skip":true},"69":{"start":{"line":303,"column":8},"end":{"line":303,"column":82},"skip":true},"70":{"start":{"line":306,"column":8},"end":{"line":308,"column":9},"skip":true},"71":{"start":{"line":307,"column":12},"end":{"line":307,"column":82},"skip":true},"72":{"start":{"line":310,"column":8},"end":{"line":312,"column":9},"skip":true},"73":{"start":{"line":311,"column":12},"end":{"line":311,"column":18},"skip":true},"74":{"start":{"line":313,"column":8},"end":{"line":313,"column":54},"skip":true},"75":{"start":{"line":314,"column":8},"end":{"line":314,"column":69},"skip":true},"76":{"start":{"line":315,"column":8},"end":{"line":323,"column":36},"skip":true},"77":{"start":{"line":316,"column":12},"end":{"line":316,"column":61},"skip":true},"78":{"start":{"line":317,"column":12},"end":{"line":320,"column":13},"skip":true},"79":{"start":{"line":318,"column":16},"end":{"line":318,"column":75},"skip":true},"80":{"start":{"line":319,"column":16},"end":{"line":319,"column":23},"skip":true},"81":{"start":{"line":321,"column":12},"end":{"line":321,"column":38},"skip":true},"82":{"start":{"line":322,"column":12},"end":{"line":322,"column":27},"skip":true},"83":{"start":{"line":324,"column":8},"end":{"line":324,"column":14},"skip":true}},"branchMap":{"1":{"line":39,"type":"binary-expr","locations":[{"start":{"line":39,"column":23},"end":{"line":39,"column":62}},{"start":{"line":40,"column":20},"end":{"line":40,"column":70}},{"start":{"line":41,"column":20},"end":{"line":41,"column":71}},{"start":{"line":42,"column":20},"end":{"line":42,"column":29}}]},"2":{"line":44,"type":"binary-expr","locations":[{"start":{"line":44,"column":23},"end":{"line":44,"column":37}},{"start":{"line":45,"column":20},"end":{"line":45,"column":61}},{"start":{"line":46,"column":20},"end":{"line":46,"column":70}},{"start":{"line":47,"column":20},"end":{"line":47,"column":26}}]},"3":{"line":51,"type":"cond-expr","locations":[{"start":{"line":52,"column":14},"end":{"line":52,"column":20}},{"start":{"line":53,"column":14},"end":{"line":53,"column":20}}]},"4":{"line":55,"type":"binary-expr","locations":[{"start":{"line":55,"column":16},"end":{"line":55,"column":44}},{"start":{"line":55,"column":49},"end":{"line":57,"column":43}}]},"5":{"line":55,"type":"cond-expr","locations":[{"start":{"line":56,"column":14},"end":{"line":56,"column":51}},{"start":{"line":57,"column":14},"end":{"line":57,"column":43}}]},"6":{"line":61,"type":"switch","locations":[{"start":{"line":68,"column":4},"end":{"line":150,"column":14},"skip":true},{"start":{"line":156,"column":4},"end":{"line":324,"column":14},"skip":true}]},"7":{"line":70,"type":"if","locations":[{"start":{"line":70,"column":12},"end":{"line":70,"column":12},"skip":true},{"start":{"line":70,"column":12},"end":{"line":70,"column":12},"skip":true}]},"8":{"line":70,"type":"binary-expr","locations":[{"start":{"line":70,"column":16},"end":{"line":70,"column":22},"skip":true},{"start":{"line":70,"column":27},"end":{"line":70,"column":32},"skip":true},{"start":{"line":71,"column":20},"end":{"line":71,"column":39},"skip":true},{"start":{"line":72,"column":20},"end":{"line":72,"column":49},"skip":true},{"start":{"line":73,"column":20},"end":{"line":73,"column":58},"skip":true},{"start":{"line":74,"column":20},"end":{"line":74,"column":69},"skip":true}]},"9":{"line":79,"type":"switch","locations":[{"start":{"line":80,"column":20},"end":{"line":80,"column":33},"skip":true},{"start":{"line":81,"column":20},"end":{"line":83,"column":30},"skip":true},{"start":{"line":84,"column":20},"end":{"line":85,"column":49},"skip":true}]},"10":{"line":89,"type":"switch","locations":[{"start":{"line":90,"column":12},"end":{"line":103,"column":22},"skip":true},{"start":{"line":105,"column":12},"end":{"line":106,"column":22},"skip":true}]},"11":{"line":89,"type":"binary-expr","locations":[{"start":{"line":89,"column":20},"end":{"line":89,"column":25},"skip":true},{"start":{"line":89,"column":29},"end":{"line":89,"column":48},"skip":true},{"start":{"line":89,"column":52},"end":{"line":89,"column":74},"skip":true}]},"12":{"line":92,"type":"if","locations":[{"start":{"line":92,"column":16},"end":{"line":92,"column":16},"skip":true},{"start":{"line":92,"column":16},"end":{"line":92,"column":16},"skip":true}]},"13":{"line":108,"type":"if","locations":[{"start":{"line":108,"column":12},"end":{"line":108,"column":12},"skip":true},{"start":{"line":108,"column":12},"end":{"line":108,"column":12},"skip":true}]},"14":{"line":108,"type":"binary-expr","locations":[{"start":{"line":108,"column":16},"end":{"line":108,"column":61},"skip":true},{"start":{"line":108,"column":66},"end":{"line":108,"column":72},"skip":true},{"start":{"line":108,"column":77},"end":{"line":108,"column":82},"skip":true},{"start":{"line":109,"column":20},"end":{"line":109,"column":39},"skip":true},{"start":{"line":110,"column":20},"end":{"line":110,"column":49},"skip":true},{"start":{"line":111,"column":20},"end":{"line":111,"column":58},"skip":true},{"start":{"line":112,"column":20},"end":{"line":112,"column":68},"skip":true}]},"15":{"line":129,"type":"if","locations":[{"start":{"line":129,"column":16},"end":{"line":129,"column":16},"skip":true},{"start":{"line":129,"column":16},"end":{"line":129,"column":16},"skip":true}]},"16":{"line":134,"type":"cond-expr","locations":[{"start":{"line":135,"column":26},"end":{"line":135,"column":29},"skip":true},{"start":{"line":136,"column":26},"end":{"line":136,"column":54},"skip":true}]},"17":{"line":164,"type":"binary-expr","locations":[{"start":{"line":164,"column":27},"end":{"line":164,"column":43},"skip":true},{"start":{"line":164,"column":47},"end":{"line":164,"column":49},"skip":true}]},"18":{"line":258,"type":"if","locations":[{"start":{"line":258,"column":8},"end":{"line":258,"column":8},"skip":true},{"start":{"line":258,"column":8},"end":{"line":258,"column":8},"skip":true}]},"19":{"line":275,"type":"switch","locations":[{"start":{"line":276,"column":20},"end":{"line":277,"column":64},"skip":true},{"start":{"line":278,"column":20},"end":{"line":279,"column":40},"skip":true},{"start":{"line":280,"column":20},"end":{"line":281,"column":40},"skip":true},{"start":{"line":282,"column":20},"end":{"line":283,"column":39},"skip":true}]},"20":{"line":288,"type":"if","locations":[{"start":{"line":288,"column":8},"end":{"line":288,"column":8},"skip":true},{"start":{"line":288,"column":8},"end":{"line":288,"column":8},"skip":true}]},"21":{"line":288,"type":"binary-expr","locations":[{"start":{"line":288,"column":12},"end":{"line":288,"column":40},"skip":true},{"start":{"line":288,"column":44},"end":{"line":288,"column":67},"skip":true}]},"22":{"line":292,"type":"binary-expr","locations":[{"start":{"line":292,"column":12},"end":{"line":292,"column":50},"skip":true},{"start":{"line":293,"column":12},"end":{"line":293,"column":53},"skip":true}]},"23":{"line":297,"type":"binary-expr","locations":[{"start":{"line":297,"column":12},"end":{"line":297,"column":65},"skip":true},{"start":{"line":298,"column":12},"end":{"line":301,"column":36},"skip":true}]},"24":{"line":303,"type":"binary-expr","locations":[{"start":{"line":303,"column":43},"end":{"line":303,"column":75},"skip":true},{"start":{"line":303,"column":79},"end":{"line":303,"column":81},"skip":true}]},"25":{"line":306,"type":"if","locations":[{"start":{"line":306,"column":8},"end":{"line":306,"column":8},"skip":true},{"start":{"line":306,"column":8},"end":{"line":306,"column":8},"skip":true}]},"26":{"line":310,"type":"if","locations":[{"start":{"line":310,"column":8},"end":{"line":310,"column":8},"skip":true},{"start":{"line":310,"column":8},"end":{"line":310,"column":8},"skip":true}]},"27":{"line":313,"type":"binary-expr","locations":[{"start":{"line":313,"column":27},"end":{"line":313,"column":43},"skip":true},{"start":{"line":313,"column":47},"end":{"line":313,"column":53},"skip":true}]},"28":{"line":317,"type":"if","locations":[{"start":{"line":317,"column":12},"end":{"line":317,"column":12},"skip":true},{"start":{"line":317,"column":12},"end":{"line":317,"column":12},"skip":true}]}},"code":["/*","example.js","","quickstart example","","instruction","    1. save this script as example.js","    2. run the shell command:","        $ npm install npmtest-tiny-lr && PORT=8081 node example.js","    3. play with the browser-demo on http://127.0.0.1:8081","*/","","","","/* istanbul instrument in package npmtest_tiny_lr */","/*jslint","    bitwise: true,","    browser: true,","    maxerr: 8,","    maxlen: 96,","    node: true,","    nomen: true,","    regexp: true,","    stupid: true","*/","(function () {","    'use strict';","    var local;","","","","    // run shared js-env code - pre-init","    (function () {","        // init local","        local = {};","        // init modeJs","        local.modeJs = (function () {","            try {","                return typeof navigator.userAgent === 'string' &&","                    typeof document.querySelector('body') === 'object' &&","                    typeof XMLHttpRequest.prototype.open === 'function' &&","                    'browser';","            } catch (errorCaughtBrowser) {","                return module.exports &&","                    typeof process.versions.node === 'string' &&","                    typeof require('http').createServer === 'function' &&","                    'node';","            }","        }());","        // init global","        local.global = local.modeJs === 'browser'","            ? window","            : global;","        // init utility2_rollup","        local = local.global.utility2_rollup || (local.modeJs === 'browser'","            ? local.global.utility2_npmtest_tiny_lr","            : global.utility2_moduleExports);","        // export local","        local.global.local = local;","    }());","    switch (local.modeJs) {","","","","    // post-init","    // run browser js-env code - post-init","    /* istanbul ignore next */","    case 'browser':","        local.testRunBrowser = function (event) {","            if (!event || (event &&","                    event.currentTarget &&","                    event.currentTarget.className &&","                    event.currentTarget.className.includes &&","                    event.currentTarget.className.includes('onreset'))) {","                // reset output","                Array.from(","                    document.querySelectorAll('body > .resettable')","                ).forEach(function (element) {","                    switch (element.tagName) {","                    case 'INPUT':","                    case 'TEXTAREA':","                        element.value = '';","                        break;","                    default:","                        element.textContent = '';","                    }","                });","            }","            switch (event && event.currentTarget && event.currentTarget.id) {","            case 'testRunButton1':","                // show tests","                if (document.querySelector('#testReportDiv1').style.display === 'none') {","                    document.querySelector('#testReportDiv1').style.display = 'block';","                    document.querySelector('#testRunButton1').textContent =","                        'hide internal test';","                    local.modeTest = true;","                    local.testRunDefault(local);","                // hide tests","                } else {","                    document.querySelector('#testReportDiv1').style.display = 'none';","                    document.querySelector('#testRunButton1').textContent = 'run internal test';","                }","                break;","            // custom-case","            default:","                break;","            }","            if (document.querySelector('#inputTextareaEval1') && (!event || (event &&","                    event.currentTarget &&","                    event.currentTarget.className &&","                    event.currentTarget.className.includes &&","                    event.currentTarget.className.includes('oneval')))) {","                // try to eval input-code","                try {","                    /*jslint evil: true*/","                    eval(document.querySelector('#inputTextareaEval1').value);","                } catch (errorCaught) {","                    console.error(errorCaught);","                }","            }","        };","        // log stderr and stdout to #outputTextareaStdout1","        ['error', 'log'].forEach(function (key) {","            console[key + '_original'] = console[key];","            console[key] = function () {","                var element;","                console[key + '_original'].apply(console, arguments);","                element = document.querySelector('#outputTextareaStdout1');","                if (!element) {","                    return;","                }","                // append text to #outputTextareaStdout1","                element.value += Array.from(arguments).map(function (arg) {","                    return typeof arg === 'string'","                        ? arg","                        : JSON.stringify(arg, null, 4);","                }).join(' ') + '\\n';","                // scroll textarea to bottom","                element.scrollTop = element.scrollHeight;","            };","        });","        // init event-handling","        ['change', 'click', 'keyup'].forEach(function (event) {","            Array.from(document.querySelectorAll('.on' + event)).forEach(function (element) {","                element.addEventListener(event, local.testRunBrowser);","            });","        });","        // run tests","        local.testRunBrowser();","        break;","","","","    // run node js-env code - post-init","    /* istanbul ignore next */","    case 'node':","        // export local","        module.exports = local;","        // require modules","        local.fs = require('fs');","        local.http = require('http');","        local.url = require('url');","        // init assets","        local.assetsDict = local.assetsDict || {};","        /* jslint-ignore-begin */","        local.assetsDict['/assets.index.template.html'] = '\\","<!doctype html>\\n\\","<html lang=\"en\">\\n\\","<head>\\n\\","<meta charset=\"UTF-8\">\\n\\","<meta name=\"viewport\" content=\"width=device-width, initial-scale=1\">\\n\\","<title>{{env.npm_package_name}} (v{{env.npm_package_version}})</title>\\n\\","<style>\\n\\","/*csslint\\n\\","    box-sizing: false,\\n\\","    universal-selector: false\\n\\","*/\\n\\","* {\\n\\","    box-sizing: border-box;\\n\\","}\\n\\","body {\\n\\","    background: #dde;\\n\\","    font-family: Arial, Helvetica, sans-serif;\\n\\","    margin: 2rem;\\n\\","}\\n\\","body > * {\\n\\","    margin-bottom: 1rem;\\n\\","}\\n\\",".utility2FooterDiv {\\n\\","    margin-top: 20px;\\n\\","    text-align: center;\\n\\","}\\n\\","</style>\\n\\","<style>\\n\\","/*csslint\\n\\","*/\\n\\","textarea {\\n\\","    font-family: monospace;\\n\\","    height: 10rem;\\n\\","    width: 100%;\\n\\","}\\n\\","textarea[readonly] {\\n\\","    background: #ddd;\\n\\","}\\n\\","</style>\\n\\","</head>\\n\\","<body>\\n\\","<!-- utility2-comment\\n\\","<div id=\"ajaxProgressDiv1\" style=\"background: #d00; height: 2px; left: 0; margin: 0; padding: 0; position: fixed; top: 0; transition: background 0.5s, width 1.5s; width: 25%;\"></div>\\n\\","utility2-comment -->\\n\\","<h1>\\n\\","<!-- utility2-comment\\n\\","    <a\\n\\","        {{#if env.npm_package_homepage}}\\n\\","        href=\"{{env.npm_package_homepage}}\"\\n\\","        {{/if env.npm_package_homepage}}\\n\\","        target=\"_blank\"\\n\\","    >\\n\\","utility2-comment -->\\n\\","        {{env.npm_package_name}} (v{{env.npm_package_version}})\\n\\","<!-- utility2-comment\\n\\","    </a>\\n\\","utility2-comment -->\\n\\","</h1>\\n\\","<h3>{{env.npm_package_description}}</h3>\\n\\","<!-- utility2-comment\\n\\","<h4><a download href=\"assets.app.js\">download standalone app</a></h4>\\n\\","<button class=\"onclick onreset\" id=\"testRunButton1\">run internal test</button><br>\\n\\","<div id=\"testReportDiv1\" style=\"display: none;\"></div>\\n\\","utility2-comment -->\\n\\","\\n\\","\\n\\","\\n\\","<label>stderr and stdout</label>\\n\\","<textarea class=\"resettable\" id=\"outputTextareaStdout1\" readonly></textarea>\\n\\","<!-- utility2-comment\\n\\","{{#if isRollup}}\\n\\","<script src=\"assets.app.js\"></script>\\n\\","{{#unless isRollup}}\\n\\","utility2-comment -->\\n\\","<script src=\"assets.utility2.rollup.js\"></script>\\n\\","<script src=\"jsonp.utility2._stateInit?callback=window.utility2._stateInit\"></script>\\n\\","<script src=\"assets.npmtest_tiny_lr.rollup.js\"></script>\\n\\","<script src=\"assets.example.js\"></script>\\n\\","<script src=\"assets.test.js\"></script>\\n\\","<!-- utility2-comment\\n\\","{{/if isRollup}}\\n\\","utility2-comment -->\\n\\","<div class=\"utility2FooterDiv\">\\n\\","    [ this app was created with\\n\\","    <a href=\"https://github.com/kaizhu256/node-utility2\" target=\"_blank\">utility2</a>\\n\\","    ]\\n\\","</div>\\n\\","</body>\\n\\","</html>\\n\\","';","        /* jslint-ignore-end */","        if (local.templateRender) {","            local.assetsDict['/'] = local.templateRender(","                local.assetsDict['/assets.index.template.html'],","                {","                    env: local.objectSetDefault(local.env, {","                        npm_package_description: 'the greatest app in the world!',","                        npm_package_name: 'my-app',","                        npm_package_nameAlias: 'my_app',","                        npm_package_version: '0.0.1'","                    })","                }","            );","        } else {","            local.assetsDict['/'] = local.assetsDict['/assets.index.template.html']","                .replace((/\\{\\{env\\.(\\w+?)\\}\\}/g), function (match0, match1) {","                    // jslint-hack","                    String(match0);","                    switch (match1) {","                    case 'npm_package_description':","                        return 'the greatest app in the world!';","                    case 'npm_package_name':","                        return 'my-app';","                    case 'npm_package_nameAlias':","                        return 'my_app';","                    case 'npm_package_version':","                        return '0.0.1';","                    }","                });","        }","        // run the cli","        if (local.global.utility2_rollup || module !== require.main) {","            break;","        }","        local.assetsDict['/assets.example.js'] =","            local.assetsDict['/assets.example.js'] ||","            local.fs.readFileSync(__filename, 'utf8');","        // bug-workaround - long $npm_package_buildCustomOrg","        /* jslint-ignore-begin */","        local.assetsDict['/assets.npmtest_tiny_lr.rollup.js'] =","            local.assetsDict['/assets.npmtest_tiny_lr.rollup.js'] ||","            local.fs.readFileSync(","                local.npmtest_tiny_lr.__dirname + '/lib.npmtest_tiny_lr.js',","                'utf8'","            ).replace((/^#!/), '//');","        /* jslint-ignore-end */","        local.assetsDict['/favicon.ico'] = local.assetsDict['/favicon.ico'] || '';","        // if $npm_config_timeout_exit exists,","        // then exit this process after $npm_config_timeout_exit ms","        if (Number(process.env.npm_config_timeout_exit)) {","            setTimeout(process.exit, Number(process.env.npm_config_timeout_exit));","        }","        // start server","        if (local.global.utility2_serverHttp1) {","            break;","        }","        process.env.PORT = process.env.PORT || '8081';","        console.error('server starting on port ' + process.env.PORT);","        local.http.createServer(function (request, response) {","            request.urlParsed = local.url.parse(request.url);","            if (local.assetsDict[request.urlParsed.pathname] !== undefined) {","                response.end(local.assetsDict[request.urlParsed.pathname]);","                return;","            }","            response.statusCode = 404;","            response.end();","        }).listen(process.env.PORT);","        break;","    }","}());",""],"l":{"26":2,"28":2,"33":2,"35":2,"37":2,"38":2,"39":2,"44":1,"51":2,"55":2,"59":2,"61":2,"69":1,"70":2,"76":2,"79":2,"82":2,"83":2,"85":1,"89":2,"92":1,"93":1,"94":1,"96":1,"97":1,"100":1,"101":1,"103":1,"106":1,"108":2,"114":1,"116":1,"118":1,"123":1,"124":2,"125":2,"126":3,"127":3,"128":3,"129":3,"130":1,"133":3,"134":3,"139":3,"143":1,"144":3,"145":1,"149":1,"150":1,"158":1,"160":1,"161":1,"162":1,"164":1,"166":1,"258":1,"259":1,"271":1,"274":6,"275":6,"277":1,"279":2,"281":1,"283":2,"288":1,"289":1,"291":1,"296":1,"303":1,"306":1,"307":1,"310":1,"311":1,"313":1,"314":1,"315":1,"316":1,"317":1,"318":1,"319":1,"321":1,"322":1,"324":1}},"/home/travis/build/npmtest/node-npmtest-tiny-lr/node_modules/tiny-lr/src/index.js":{"path":"/home/travis/build/npmtest/node-npmtest-tiny-lr/node_modules/tiny-lr/src/index.js","s":{"1":1,"2":1,"3":1,"4":1,"5":1,"6":1,"7":2,"8":1,"9":1,"10":1,"11":1,"12":1,"13":1,"14":1,"15":1,"16":0,"17":0,"18":0,"19":1,"20":0,"21":0,"22":0,"23":0,"24":1,"25":0,"26":0,"27":0,"28":0,"29":0,"30":0,"31":0,"32":0,"33":0,"34":1},"b":{"1":[0,2],"2":[2,2],"3":[0,0],"4":[0,0],"5":[0,0]},"f":{"1":2,"2":0,"3":0,"4":0,"5":0,"6":0,"7":0},"fnMap":{"1":{"name":"_interopRequireDefault","line":15,"loc":{"start":{"line":15,"column":0},"end":{"line":15,"column":37}}},"2":{"name":"tinylr","line":34,"loc":{"start":{"line":34,"column":0},"end":{"line":34,"column":22}}},"3":{"name":"middleware","line":41,"loc":{"start":{"line":41,"column":0},"end":{"line":41,"column":26}}},"4":{"name":"tinylr","line":44,"loc":{"start":{"line":44,"column":9},"end":{"line":44,"column":41}}},"5":{"name":"changed","line":50,"loc":{"start":{"line":50,"column":0},"end":{"line":50,"column":23}}},"6":{"name":"(anonymous_6)","line":53,"loc":{"start":{"line":53,"column":45},"end":{"line":53,"column":57}}},"7":{"name":"(anonymous_7)","line":55,"loc":{"start":{"line":55,"column":18},"end":{"line":55,"column":33}}}},"statementMap":{"1":{"start":{"line":3,"column":0},"end":{"line":5,"column":3}},"2":{"start":{"line":7,"column":0},"end":{"line":7,"column":34}},"3":{"start":{"line":9,"column":0},"end":{"line":9,"column":47}},"4":{"start":{"line":11,"column":0},"end":{"line":11,"column":34}},"5":{"start":{"line":13,"column":0},"end":{"line":13,"column":47}},"6":{"start":{"line":15,"column":0},"end":{"line":15,"column":95}},"7":{"start":{"line":15,"column":39},"end":{"line":15,"column":93}},"8":{"start":{"line":17,"column":0},"end":{"line":17,"column":39}},"9":{"start":{"line":20,"column":0},"end":{"line":20,"column":17}},"10":{"start":{"line":22,"column":0},"end":{"line":22,"column":25}},"11":{"start":{"line":26,"column":0},"end":{"line":26,"column":33}},"12":{"start":{"line":27,"column":0},"end":{"line":27,"column":33}},"13":{"start":{"line":30,"column":0},"end":{"line":30,"column":31}},"14":{"start":{"line":31,"column":0},"end":{"line":31,"column":25}},"15":{"start":{"line":34,"column":0},"end":{"line":38,"column":1}},"16":{"start":{"line":35,"column":2},"end":{"line":35,"column":39}},"17":{"start":{"line":36,"column":2},"end":{"line":36,"column":20}},"18":{"start":{"line":37,"column":2},"end":{"line":37,"column":13}},"19":{"start":{"line":41,"column":0},"end":{"line":47,"column":1}},"20":{"start":{"line":42,"column":2},"end":{"line":42,"column":39}},"21":{"start":{"line":43,"column":2},"end":{"line":43,"column":20}},"22":{"start":{"line":44,"column":2},"end":{"line":46,"column":4}},"23":{"start":{"line":45,"column":4},"end":{"line":45,"column":32}},"24":{"start":{"line":50,"column":0},"end":{"line":60,"column":1}},"25":{"start":{"line":51,"column":2},"end":{"line":51,"column":39}},"26":{"start":{"line":52,"column":2},"end":{"line":52,"column":65}},"27":{"start":{"line":52,"column":46},"end":{"line":52,"column":65}},"28":{"start":{"line":53,"column":2},"end":{"line":53,"column":60}},"29":{"start":{"line":54,"column":2},"end":{"line":54,"column":65}},"30":{"start":{"line":55,"column":2},"end":{"line":58,"column":5}},"31":{"start":{"line":56,"column":4},"end":{"line":56,"column":46}},"32":{"start":{"line":57,"column":4},"end":{"line":57,"column":31}},"33":{"start":{"line":59,"column":2},"end":{"line":59,"column":9}},"34":{"start":{"line":61,"column":0},"end":{"line":61,"column":36}}},"branchMap":{"1":{"line":15,"type":"cond-expr","locations":[{"start":{"line":15,"column":70},"end":{"line":15,"column":73}},{"start":{"line":15,"column":76},"end":{"line":15,"column":92}}]},"2":{"line":15,"type":"binary-expr","locations":[{"start":{"line":15,"column":46},"end":{"line":15,"column":49}},{"start":{"line":15,"column":53},"end":{"line":15,"column":67}}]},"3":{"line":52,"type":"if","locations":[{"start":{"line":52,"column":2},"end":{"line":52,"column":2}},{"start":{"line":52,"column":2},"end":{"line":52,"column":2}}]},"4":{"line":53,"type":"cond-expr","locations":[{"start":{"line":53,"column":38},"end":{"line":53,"column":42}},{"start":{"line":53,"column":45},"end":{"line":53,"column":59}}]},"5":{"line":57,"type":"binary-expr","locations":[{"start":{"line":57,"column":4},"end":{"line":57,"column":7}},{"start":{"line":57,"column":11},"end":{"line":57,"column":30}}]}},"code":["'use strict';","","Object.defineProperty(exports, \"__esModule\", {","  value: true","});","","var _server = require('./server');","","var _server2 = _interopRequireDefault(_server);","","var _client = require('./client');","","var _client2 = _interopRequireDefault(_client);","","function _interopRequireDefault(obj) { return obj && obj.__esModule ? obj : { default: obj }; }","","var debug = require('debug')('tinylr');","","// Need to keep track of LR servers when notifying","var servers = [];","","exports.default = tinylr;","","// Expose Server / Client objects","","tinylr.Server = _server2.default;","tinylr.Client = _client2.default;","","// and the middleware helpers","tinylr.middleware = middleware;","tinylr.changed = changed;","","// Main entry point","function tinylr(opts) {","  var srv = new _server2.default(opts);","  servers.push(srv);","  return srv;","}","","// A facade to Server#handle","function middleware(opts) {","  var srv = new _server2.default(opts);","  servers.push(srv);","  return function tinylr(req, res, next) {","    srv.handler(req, res, next);","  };","}","","// Changed helper, helps with notifying the server of a file change","function changed(done) {","  var files = [].slice.call(arguments);","  if (files[files.length - 1] === 'function') done = files.pop();","  done = typeof done === 'function' ? done : function () {};","  debug('Notifying %d servers - Files: ', servers.length, files);","  servers.forEach(function (srv) {","    var params = { params: { files: files } };","    srv && srv.changed(params);","  });","  done();","}","module.exports = exports['default'];"],"l":{"3":1,"7":1,"9":1,"11":1,"13":1,"15":2,"17":1,"20":1,"22":1,"26":1,"27":1,"30":1,"31":1,"34":1,"35":0,"36":0,"37":0,"41":1,"42":0,"43":0,"44":0,"45":0,"50":1,"51":0,"52":0,"53":0,"54":0,"55":0,"56":0,"57":0,"59":0,"61":1}},"/home/travis/build/npmtest/node-npmtest-tiny-lr/node_modules/tiny-lr/src/server.js":{"path":"/home/travis/build/npmtest/node-npmtest-tiny-lr/node_modules/tiny-lr/src/server.js","s":{"1":1,"2":1,"3":1,"4":1,"5":17,"6":17,"7":17,"8":17,"9":17,"10":17,"11":1,"12":1,"13":1,"14":1,"15":0,"16":1,"17":1,"18":1,"19":1,"20":1,"21":1,"22":1,"23":1,"24":1,"25":1,"26":1,"27":1,"28":1,"29":1,"30":1,"31":1,"32":1,"33":1,"34":1,"35":8,"36":1,"37":0,"38":0,"39":1,"40":0,"41":0,"42":0,"43":1,"44":1,"45":0,"46":1,"47":1,"48":1,"49":1,"50":1,"51":1,"52":1,"53":1,"54":1,"55":0,"56":0,"57":0,"58":0,"59":0,"60":0,"61":0,"62":0,"63":0,"64":0,"65":0,"66":0,"67":1,"68":0,"69":0,"70":0,"71":0,"72":0,"73":0,"74":0,"75":0,"76":0,"77":0,"78":0,"79":0,"80":0,"81":0,"82":0,"83":0,"84":0,"85":0,"86":0,"87":0,"88":0,"89":0,"90":0,"91":0,"92":0,"93":0,"94":0,"95":0,"96":0,"97":0,"98":0,"99":0,"100":0,"101":0,"102":0,"103":0,"104":0,"105":0,"106":0,"107":0,"108":0,"109":0,"110":0,"111":0,"112":0,"113":0,"114":0,"115":0,"116":0,"117":0,"118":0,"119":0,"120":0,"121":0,"122":0,"123":0,"124":0,"125":0,"126":0,"127":0,"128":0,"129":0,"130":0,"131":0,"132":0,"133":0,"134":0,"135":0,"136":0,"137":0,"138":0,"139":0,"140":0,"141":0,"142":0,"143":0,"144":0,"145":0,"146":0,"147":0,"148":0,"149":0,"150":0,"151":0,"152":0,"153":0,"154":0,"155":0,"156":0,"157":0,"158":0,"159":0,"160":0,"161":0,"162":0,"163":0,"164":0,"165":0,"166":0,"167":0,"168":0,"169":0,"170":0,"171":0,"172":0,"173":0,"174":0,"175":0,"176":0,"177":0,"178":0,"179":0,"180":0,"181":0,"182":0,"183":0,"184":0,"185":0,"186":0,"187":0,"188":0,"189":0,"190":0,"191":0,"192":0,"193":0,"194":0,"195":0,"196":0,"197":0,"198":0,"199":0,"200":0,"201":0,"202":0,"203":0,"204":0,"205":0,"206":0,"207":0,"208":0,"209":0,"210":0,"211":1,"212":1,"213":1},"b":{"1":[17,17],"2":[17,0],"3":[1,0],"4":[0,1],"5":[0,8],"6":[8,8],"7":[0,0],"8":[0,0],"9":[0,0],"10":[0,0,0],"11":[0,1],"12":[1,0],"13":[1,1],"14":[1,0],"15":[1,0],"16":[0,0],"17":[0,0],"18":[0,0],"19":[0,0],"20":[0,0],"21":[0,0],"22":[0,0],"23":[0,0],"24":[0,0],"25":[0,0],"26":[0,0],"27":[0,0,0],"28":[0,0],"29":[0,0],"30":[0,0],"31":[0,0],"32":[0,0],"33":[0,0],"34":[0,0],"35":[0,0],"36":[0,0],"37":[0,0],"38":[0,0],"39":[0,0],"40":[0,0],"41":[0,0],"42":[0,0],"43":[0,0],"44":[0,0],"45":[0,0],"46":[0,0],"47":[0,0],"48":[0,0],"49":[0,0],"50":[0,0],"51":[0,0],"52":[0,0],"53":[0,0],"54":[0,0],"55":[0,0],"56":[0,0]},"f":{"1":1,"2":1,"3":1,"4":8,"5":0,"6":0,"7":1,"8":1,"9":0,"10":0,"11":0,"12":0,"13":0,"14":0,"15":0,"16":0,"17":0,"18":0,"19":0,"20":0,"21":0,"22":0,"23":0,"24":0,"25":0,"26":0,"27":0,"28":0,"29":0,"30":0,"31":0,"32":0,"33":0,"34":0,"35":0},"fnMap":{"1":{"name":"(anonymous_1)","line":7,"loc":{"start":{"line":7,"column":19},"end":{"line":7,"column":31}}},"2":{"name":"defineProperties","line":7,"loc":{"start":{"line":7,"column":33},"end":{"line":7,"column":74}}},"3":{"name":"(anonymous_3)","line":7,"loc":{"start":{"line":7,"column":357},"end":{"line":7,"column":405}}},"4":{"name":"_interopRequireDefault","line":43,"loc":{"start":{"line":43,"column":0},"end":{"line":43,"column":37}}},"5":{"name":"_classCallCheck","line":45,"loc":{"start":{"line":45,"column":0},"end":{"line":45,"column":48}}},"6":{"name":"_possibleConstructorReturn","line":47,"loc":{"start":{"line":47,"column":0},"end":{"line":47,"column":48}}},"7":{"name":"_inherits","line":49,"loc":{"start":{"line":49,"column":0},"end":{"line":49,"column":41}}},"8":{"name":"(anonymous_8)","line":56,"loc":{"start":{"line":56,"column":13},"end":{"line":56,"column":45}}},"9":{"name":"Server","line":59,"loc":{"start":{"line":59,"column":2},"end":{"line":59,"column":20}}},"10":{"name":"routes","line":85,"loc":{"start":{"line":85,"column":11},"end":{"line":85,"column":29}}},"11":{"name":"configure","line":98,"loc":{"start":{"line":98,"column":11},"end":{"line":98,"column":35}}},"12":{"name":"(anonymous_12)","line":118,"loc":{"start":{"line":118,"column":24},"end":{"line":118,"column":46}}},"13":{"name":"(anonymous_13)","line":119,"loc":{"start":{"line":119,"column":23},"end":{"line":119,"column":35}}},"14":{"name":"handler","line":137,"loc":{"start":{"line":137,"column":11},"end":{"line":137,"column":44}}},"15":{"name":"(anonymous_15)","line":145,"loc":{"start":{"line":145,"column":42},"end":{"line":145,"column":63}}},"16":{"name":"index","line":158,"loc":{"start":{"line":158,"column":11},"end":{"line":158,"column":36}}},"17":{"name":"handle","line":169,"loc":{"start":{"line":169,"column":11},"end":{"line":169,"column":43}}},"18":{"name":"defaultHandler","line":186,"loc":{"start":{"line":186,"column":11},"end":{"line":186,"column":45}}},"19":{"name":"notFound","line":196,"loc":{"start":{"line":196,"column":11},"end":{"line":196,"column":34}}},"20":{"name":"websocketify","line":207,"loc":{"start":{"line":207,"column":11},"end":{"line":207,"column":52}}},"21":{"name":"(anonymous_21)","line":214,"loc":{"start":{"line":214,"column":25},"end":{"line":214,"column":38}}},"22":{"name":"(anonymous_22)","line":220,"loc":{"start":{"line":220,"column":26},"end":{"line":220,"column":42}}},"23":{"name":"(anonymous_23)","line":225,"loc":{"start":{"line":225,"column":25},"end":{"line":225,"column":37}}},"24":{"name":"listen","line":233,"loc":{"start":{"line":233,"column":11},"end":{"line":233,"column":43}}},"25":{"name":"close","line":248,"loc":{"start":{"line":248,"column":11},"end":{"line":248,"column":36}}},"26":{"name":"(anonymous_26)","line":249,"loc":{"start":{"line":249,"column":40},"end":{"line":249,"column":54}}},"27":{"name":"error","line":259,"loc":{"start":{"line":259,"column":11},"end":{"line":259,"column":29}}},"28":{"name":"livereload","line":280,"loc":{"start":{"line":280,"column":11},"end":{"line":280,"column":41}}},"29":{"name":"changed","line":286,"loc":{"start":{"line":286,"column":11},"end":{"line":286,"column":38}}},"30":{"name":"alert","line":304,"loc":{"start":{"line":304,"column":11},"end":{"line":304,"column":36}}},"31":{"name":"notifyClients","line":322,"loc":{"start":{"line":322,"column":11},"end":{"line":322,"column":41}}},"32":{"name":"(anonymous_32)","line":323,"loc":{"start":{"line":323,"column":50},"end":{"line":323,"column":64}}},"33":{"name":"alertClients","line":337,"loc":{"start":{"line":337,"column":11},"end":{"line":337,"column":42}}},"34":{"name":"(anonymous_34)","line":338,"loc":{"start":{"line":338,"column":50},"end":{"line":338,"column":64}}},"35":{"name":"param","line":355,"loc":{"start":{"line":355,"column":11},"end":{"line":355,"column":37}}}},"statementMap":{"1":{"start":{"line":3,"column":0},"end":{"line":5,"column":3}},"2":{"start":{"line":7,"column":0},"end":{"line":7,"column":564}},"3":{"start":{"line":7,"column":33},"end":{"line":7,"column":349}},"4":{"start":{"line":7,"column":76},"end":{"line":7,"column":347}},"5":{"start":{"line":7,"column":117},"end":{"line":7,"column":143}},"6":{"start":{"line":7,"column":144},"end":{"line":7,"column":199}},"7":{"start":{"line":7,"column":200},"end":{"line":7,"column":231}},"8":{"start":{"line":7,"column":232},"end":{"line":7,"column":286}},"9":{"start":{"line":7,"column":259},"end":{"line":7,"column":286}},"10":{"start":{"line":7,"column":287},"end":{"line":7,"column":345}},"11":{"start":{"line":7,"column":350},"end":{"line":7,"column":559}},"12":{"start":{"line":7,"column":407},"end":{"line":7,"column":475}},"13":{"start":{"line":7,"column":423},"end":{"line":7,"column":475}},"14":{"start":{"line":7,"column":476},"end":{"line":7,"column":536}},"15":{"start":{"line":7,"column":493},"end":{"line":7,"column":536}},"16":{"start":{"line":7,"column":537},"end":{"line":7,"column":556}},"17":{"start":{"line":9,"column":0},"end":{"line":9,"column":24}},"18":{"start":{"line":11,"column":0},"end":{"line":11,"column":39}},"19":{"start":{"line":13,"column":0},"end":{"line":13,"column":28}},"20":{"start":{"line":15,"column":0},"end":{"line":15,"column":43}},"21":{"start":{"line":17,"column":0},"end":{"line":17,"column":30}},"22":{"start":{"line":19,"column":0},"end":{"line":19,"column":45}},"23":{"start":{"line":21,"column":0},"end":{"line":21,"column":32}},"24":{"start":{"line":23,"column":0},"end":{"line":23,"column":47}},"25":{"start":{"line":25,"column":0},"end":{"line":25,"column":26}},"26":{"start":{"line":27,"column":0},"end":{"line":27,"column":34}},"27":{"start":{"line":29,"column":0},"end":{"line":29,"column":47}},"28":{"start":{"line":31,"column":0},"end":{"line":31,"column":42}},"29":{"start":{"line":33,"column":0},"end":{"line":33,"column":49}},"30":{"start":{"line":35,"column":0},"end":{"line":35,"column":31}},"31":{"start":{"line":37,"column":0},"end":{"line":37,"column":41}},"32":{"start":{"line":39,"column":0},"end":{"line":39,"column":24}},"33":{"start":{"line":41,"column":0},"end":{"line":41,"column":39}},"34":{"start":{"line":43,"column":0},"end":{"line":43,"column":95}},"35":{"start":{"line":43,"column":39},"end":{"line":43,"column":93}},"36":{"start":{"line":45,"column":0},"end":{"line":45,"column":153}},"37":{"start":{"line":45,"column":50},"end":{"line":45,"column":151}},"38":{"start":{"line":45,"column":92},"end":{"line":45,"column":149}},"39":{"start":{"line":47,"column":0},"end":{"line":47,"column":240}},"40":{"start":{"line":47,"column":50},"end":{"line":47,"column":151}},"41":{"start":{"line":47,"column":63},"end":{"line":47,"column":149}},"42":{"start":{"line":47,"column":152},"end":{"line":47,"column":238}},"43":{"start":{"line":49,"column":0},"end":{"line":49,"column":494}},"44":{"start":{"line":49,"column":43},"end":{"line":49,"column":208}},"45":{"start":{"line":49,"column":106},"end":{"line":49,"column":206}},"46":{"start":{"line":49,"column":209},"end":{"line":49,"column":373}},"47":{"start":{"line":49,"column":374},"end":{"line":49,"column":492}},"48":{"start":{"line":49,"column":390},"end":{"line":49,"column":492}},"49":{"start":{"line":51,"column":0},"end":{"line":51,"column":46}},"50":{"start":{"line":53,"column":0},"end":{"line":53,"column":34}},"51":{"start":{"line":54,"column":0},"end":{"line":54,"column":52}},"52":{"start":{"line":56,"column":0},"end":{"line":369,"column":33}},"53":{"start":{"line":57,"column":2},"end":{"line":57,"column":42}},"54":{"start":{"line":59,"column":2},"end":{"line":81,"column":3}},"55":{"start":{"line":60,"column":4},"end":{"line":60,"column":89}},"56":{"start":{"line":62,"column":4},"end":{"line":62,"column":34}},"57":{"start":{"line":64,"column":4},"end":{"line":64,"column":113}},"58":{"start":{"line":66,"column":4},"end":{"line":66,"column":28}},"59":{"start":{"line":68,"column":4},"end":{"line":68,"column":99}},"60":{"start":{"line":71,"column":4},"end":{"line":71,"column":55}},"61":{"start":{"line":73,"column":4},"end":{"line":75,"column":5}},"62":{"start":{"line":74,"column":6},"end":{"line":74,"column":50}},"63":{"start":{"line":77,"column":4},"end":{"line":77,"column":23}},"64":{"start":{"line":78,"column":4},"end":{"line":78,"column":33}},"65":{"start":{"line":79,"column":4},"end":{"line":79,"column":30}},"66":{"start":{"line":80,"column":4},"end":{"line":80,"column":17}},"67":{"start":{"line":83,"column":2},"end":{"line":366,"column":6}},"68":{"start":{"line":86,"column":6},"end":{"line":88,"column":7}},"69":{"start":{"line":87,"column":8},"end":{"line":87,"column":48}},"70":{"start":{"line":90,"column":6},"end":{"line":90,"column":55}},"71":{"start":{"line":91,"column":6},"end":{"line":91,"column":56}},"72":{"start":{"line":92,"column":6},"end":{"line":92,"column":52}},"73":{"start":{"line":93,"column":6},"end":{"line":93,"column":64}},"74":{"start":{"line":94,"column":6},"end":{"line":94,"column":50}},"75":{"start":{"line":99,"column":6},"end":{"line":99,"column":24}},"76":{"start":{"line":101,"column":6},"end":{"line":101,"column":85}},"77":{"start":{"line":103,"column":6},"end":{"line":103,"column":57}},"78":{"start":{"line":105,"column":6},"end":{"line":115,"column":7}},"79":{"start":{"line":106,"column":8},"end":{"line":110,"column":9}},"80":{"start":{"line":107,"column":10},"end":{"line":107,"column":87}},"81":{"start":{"line":109,"column":10},"end":{"line":109,"column":72}},"82":{"start":{"line":112,"column":8},"end":{"line":112,"column":64}},"83":{"start":{"line":113,"column":8},"end":{"line":113,"column":55}},"84":{"start":{"line":114,"column":8},"end":{"line":114,"column":20}},"85":{"start":{"line":117,"column":6},"end":{"line":117,"column":21}},"86":{"start":{"line":118,"column":6},"end":{"line":131,"column":8}},"87":{"start":{"line":119,"column":8},"end":{"line":119,"column":38}},"88":{"start":{"line":120,"column":8},"end":{"line":124,"column":9}},"89":{"start":{"line":121,"column":10},"end":{"line":121,"column":114}},"90":{"start":{"line":122,"column":10},"end":{"line":122,"column":66}},"91":{"start":{"line":123,"column":10},"end":{"line":123,"column":119}},"92":{"start":{"line":126,"column":8},"end":{"line":126,"column":67}},"93":{"start":{"line":127,"column":8},"end":{"line":127,"column":60}},"94":{"start":{"line":128,"column":8},"end":{"line":128,"column":51}},"95":{"start":{"line":129,"column":8},"end":{"line":129,"column":51}},"96":{"start":{"line":130,"column":8},"end":{"line":130,"column":38}},"97":{"start":{"line":133,"column":6},"end":{"line":133,"column":18}},"98":{"start":{"line":138,"column":6},"end":{"line":138,"column":24}},"99":{"start":{"line":140,"column":6},"end":{"line":140,"column":50}},"100":{"start":{"line":141,"column":6},"end":{"line":141,"column":90}},"101":{"start":{"line":143,"column":6},"end":{"line":143,"column":57}},"102":{"start":{"line":144,"column":6},"end":{"line":144,"column":73}},"103":{"start":{"line":145,"column":6},"end":{"line":154,"column":9}},"104":{"start":{"line":146,"column":8},"end":{"line":146,"column":34}},"105":{"start":{"line":146,"column":17},"end":{"line":146,"column":34}},"106":{"start":{"line":147,"column":8},"end":{"line":147,"column":24}},"107":{"start":{"line":149,"column":8},"end":{"line":151,"column":9}},"108":{"start":{"line":150,"column":10},"end":{"line":150,"column":108}},"109":{"start":{"line":153,"column":8},"end":{"line":153,"column":45}},"110":{"start":{"line":159,"column":6},"end":{"line":159,"column":56}},"111":{"start":{"line":160,"column":6},"end":{"line":163,"column":10}},"112":{"start":{"line":165,"column":6},"end":{"line":165,"column":16}},"113":{"start":{"line":170,"column":6},"end":{"line":170,"column":41}},"114":{"start":{"line":171,"column":6},"end":{"line":171,"column":46}},"115":{"start":{"line":172,"column":6},"end":{"line":172,"column":50}},"116":{"start":{"line":175,"column":6},"end":{"line":175,"column":50}},"117":{"start":{"line":176,"column":6},"end":{"line":176,"column":47}},"118":{"start":{"line":177,"column":6},"end":{"line":177,"column":26}},"119":{"start":{"line":177,"column":19},"end":{"line":177,"column":26}},"120":{"start":{"line":179,"column":6},"end":{"line":179,"column":36}},"121":{"start":{"line":179,"column":22},"end":{"line":179,"column":36}},"122":{"start":{"line":182,"column":6},"end":{"line":182,"column":32}},"123":{"start":{"line":187,"column":6},"end":{"line":187,"column":42}},"124":{"start":{"line":187,"column":16},"end":{"line":187,"column":42}},"125":{"start":{"line":189,"column":6},"end":{"line":189,"column":22}},"126":{"start":{"line":190,"column":6},"end":{"line":190,"column":50}},"127":{"start":{"line":191,"column":6},"end":{"line":191,"column":27}},"128":{"start":{"line":192,"column":6},"end":{"line":192,"column":37}},"129":{"start":{"line":197,"column":6},"end":{"line":197,"column":56}},"130":{"start":{"line":198,"column":6},"end":{"line":198,"column":25}},"131":{"start":{"line":199,"column":6},"end":{"line":202,"column":10}},"132":{"start":{"line":203,"column":6},"end":{"line":203,"column":16}},"133":{"start":{"line":208,"column":6},"end":{"line":208,"column":24}},"134":{"start":{"line":210,"column":6},"end":{"line":210,"column":73}},"135":{"start":{"line":211,"column":6},"end":{"line":211,"column":39}},"136":{"start":{"line":214,"column":6},"end":{"line":218,"column":9}},"137":{"start":{"line":216,"column":8},"end":{"line":216,"column":44}},"138":{"start":{"line":216,"column":37},"end":{"line":216,"column":44}},"139":{"start":{"line":217,"column":8},"end":{"line":217,"column":38}},"140":{"start":{"line":220,"column":6},"end":{"line":223,"column":9}},"141":{"start":{"line":221,"column":8},"end":{"line":221,"column":63}},"142":{"start":{"line":222,"column":8},"end":{"line":222,"column":54}},"143":{"start":{"line":225,"column":6},"end":{"line":229,"column":9}},"144":{"start":{"line":226,"column":8},"end":{"line":226,"column":68}},"145":{"start":{"line":227,"column":8},"end":{"line":227,"column":59}},"146":{"start":{"line":228,"column":8},"end":{"line":228,"column":41}},"147":{"start":{"line":234,"column":6},"end":{"line":234,"column":39}},"148":{"start":{"line":237,"column":6},"end":{"line":237,"column":23}},"149":{"start":{"line":239,"column":6},"end":{"line":242,"column":7}},"150":{"start":{"line":240,"column":8},"end":{"line":240,"column":18}},"151":{"start":{"line":241,"column":8},"end":{"line":241,"column":25}},"152":{"start":{"line":244,"column":6},"end":{"line":244,"column":41}},"153":{"start":{"line":249,"column":6},"end":{"line":251,"column":15}},"154":{"start":{"line":250,"column":8},"end":{"line":250,"column":33}},"155":{"start":{"line":253,"column":6},"end":{"line":253,"column":80}},"156":{"start":{"line":253,"column":31},"end":{"line":253,"column":80}},"157":{"start":{"line":255,"column":6},"end":{"line":255,"column":25}},"158":{"start":{"line":255,"column":15},"end":{"line":255,"column":25}},"159":{"start":{"line":260,"column":6},"end":{"line":263,"column":7}},"160":{"start":{"line":261,"column":8},"end":{"line":261,"column":30}},"161":{"start":{"line":262,"column":8},"end":{"line":262,"column":15}},"162":{"start":{"line":265,"column":6},"end":{"line":265,"column":22}},"163":{"start":{"line":266,"column":6},"end":{"line":266,"column":61}},"164":{"start":{"line":267,"column":6},"end":{"line":267,"column":29}},"165":{"start":{"line":269,"column":6},"end":{"line":269,"column":42}},"166":{"start":{"line":269,"column":35},"end":{"line":269,"column":42}},"167":{"start":{"line":270,"column":6},"end":{"line":270,"column":22}},"168":{"start":{"line":271,"column":6},"end":{"line":271,"column":76}},"169":{"start":{"line":272,"column":6},"end":{"line":272,"column":57}},"170":{"start":{"line":273,"column":6},"end":{"line":273,"column":22}},"171":{"start":{"line":281,"column":6},"end":{"line":281,"column":62}},"172":{"start":{"line":282,"column":6},"end":{"line":282,"column":71}},"173":{"start":{"line":287,"column":6},"end":{"line":287,"column":43}},"174":{"start":{"line":289,"column":6},"end":{"line":289,"column":58}},"175":{"start":{"line":290,"column":6},"end":{"line":290,"column":46}},"176":{"start":{"line":292,"column":6},"end":{"line":292,"column":23}},"177":{"start":{"line":292,"column":16},"end":{"line":292,"column":23}},"178":{"start":{"line":294,"column":6},"end":{"line":294,"column":56}},"179":{"start":{"line":295,"column":6},"end":{"line":298,"column":10}},"180":{"start":{"line":300,"column":6},"end":{"line":300,"column":16}},"181":{"start":{"line":305,"column":6},"end":{"line":305,"column":47}},"182":{"start":{"line":307,"column":6},"end":{"line":307,"column":50}},"183":{"start":{"line":308,"column":6},"end":{"line":308,"column":47}},"184":{"start":{"line":310,"column":6},"end":{"line":310,"column":23}},"185":{"start":{"line":310,"column":16},"end":{"line":310,"column":23}},"186":{"start":{"line":312,"column":6},"end":{"line":312,"column":56}},"187":{"start":{"line":313,"column":6},"end":{"line":316,"column":10}},"188":{"start":{"line":318,"column":6},"end":{"line":318,"column":16}},"189":{"start":{"line":323,"column":6},"end":{"line":331,"column":15}},"190":{"start":{"line":324,"column":8},"end":{"line":324,"column":38}},"191":{"start":{"line":325,"column":8},"end":{"line":325,"column":70}},"192":{"start":{"line":326,"column":8},"end":{"line":326,"column":29}},"193":{"start":{"line":327,"column":8},"end":{"line":330,"column":10}},"194":{"start":{"line":333,"column":6},"end":{"line":333,"column":21}},"195":{"start":{"line":338,"column":6},"end":{"line":346,"column":15}},"196":{"start":{"line":339,"column":8},"end":{"line":339,"column":38}},"197":{"start":{"line":340,"column":8},"end":{"line":340,"column":66}},"198":{"start":{"line":341,"column":8},"end":{"line":341,"column":30}},"199":{"start":{"line":342,"column":8},"end":{"line":345,"column":10}},"200":{"start":{"line":348,"column":6},"end":{"line":348,"column":21}},"201":{"start":{"line":356,"column":6},"end":{"line":356,"column":25}},"202":{"start":{"line":357,"column":6},"end":{"line":357,"column":190}},"203":{"start":{"line":357,"column":38},"end":{"line":357,"column":61}},"204":{"start":{"line":357,"column":66},"end":{"line":357,"column":190}},"205":{"start":{"line":357,"column":102},"end":{"line":357,"column":127}},"206":{"start":{"line":357,"column":132},"end":{"line":357,"column":190}},"207":{"start":{"line":357,"column":166},"end":{"line":357,"column":190}},"208":{"start":{"line":360,"column":6},"end":{"line":362,"column":7}},"209":{"start":{"line":361,"column":8},"end":{"line":361,"column":101}},"210":{"start":{"line":364,"column":6},"end":{"line":364,"column":19}},"211":{"start":{"line":368,"column":2},"end":{"line":368,"column":16}},"212":{"start":{"line":371,"column":0},"end":{"line":371,"column":25}},"213":{"start":{"line":372,"column":0},"end":{"line":372,"column":36}}},"branchMap":{"1":{"line":7,"type":"binary-expr","locations":[{"start":{"line":7,"column":168},"end":{"line":7,"column":189}},{"start":{"line":7,"column":193},"end":{"line":7,"column":198}}]},"2":{"line":7,"type":"if","locations":[{"start":{"line":7,"column":232},"end":{"line":7,"column":232}},{"start":{"line":7,"column":232},"end":{"line":7,"column":232}}]},"3":{"line":7,"type":"if","locations":[{"start":{"line":7,"column":407},"end":{"line":7,"column":407}},{"start":{"line":7,"column":407},"end":{"line":7,"column":407}}]},"4":{"line":7,"type":"if","locations":[{"start":{"line":7,"column":476},"end":{"line":7,"column":476}},{"start":{"line":7,"column":476},"end":{"line":7,"column":476}}]},"5":{"line":43,"type":"cond-expr","locations":[{"start":{"line":43,"column":70},"end":{"line":43,"column":73}},{"start":{"line":43,"column":76},"end":{"line":43,"column":92}}]},"6":{"line":43,"type":"binary-expr","locations":[{"start":{"line":43,"column":46},"end":{"line":43,"column":49}},{"start":{"line":43,"column":53},"end":{"line":43,"column":67}}]},"7":{"line":45,"type":"if","locations":[{"start":{"line":45,"column":50},"end":{"line":45,"column":50}},{"start":{"line":45,"column":50},"end":{"line":45,"column":50}}]},"8":{"line":47,"type":"if","locations":[{"start":{"line":47,"column":50},"end":{"line":47,"column":50}},{"start":{"line":47,"column":50},"end":{"line":47,"column":50}}]},"9":{"line":47,"type":"cond-expr","locations":[{"start":{"line":47,"column":226},"end":{"line":47,"column":230}},{"start":{"line":47,"column":233},"end":{"line":47,"column":237}}]},"10":{"line":47,"type":"binary-expr","locations":[{"start":{"line":47,"column":159},"end":{"line":47,"column":163}},{"start":{"line":47,"column":168},"end":{"line":47,"column":192}},{"start":{"line":47,"column":196},"end":{"line":47,"column":222}}]},"11":{"line":49,"type":"if","locations":[{"start":{"line":49,"column":43},"end":{"line":49,"column":43}},{"start":{"line":49,"column":43},"end":{"line":49,"column":43}}]},"12":{"line":49,"type":"binary-expr","locations":[{"start":{"line":49,"column":47},"end":{"line":49,"column":79}},{"start":{"line":49,"column":83},"end":{"line":49,"column":102}}]},"13":{"line":49,"type":"binary-expr","locations":[{"st
[...]
(param) ? param : typeof param === 'string' ? param.split(/[\\s,]/) : [];","      }","","      return param;","    }","  }]);","","  return Server;","}(_events2.default.EventEmitter);","","exports.default = Server;","module.exports = exports['default'];"],"l":{"3":1,"7":17,"9":1,"11":1,"13":1,"15":1,"17":1,"19":1,"21":1,"23":1,"25":1,"27":1,"29":1,"31":1,"33":1,"35":1,"37":1,"39":1,"41":1,"43":8,"45":1,"47":1,"49":1,"51":1,"53":1,"54":1,"56":1,"57":1,"59":1,"60":0,"62":0,"64":0,"66":0,"68":0,"71":0,"73":0,"74":0,"77":0,"78":0,"79":0,"80":0,"83":1,"86":0,"87":0,"90":0,"91":0,"92":0,"93":0,"94":0,"99":0,"101":0,"103":0,"105":0,"106":0,"107":0,"109":0,"112":0,"113":0,"114":0,"117":0,"118":0,"119":0,"120":0,"121":0,"122":0,"123":0,"126":0,"127":0,"128":0,"129":0,"130":0,"133":0,"138":0,"140":0,"141":0,"143":0,"144":0,"145":0,"146":0,"147":0,"149":0,"150":0,"153":0,"159":0,"160":0,"165":0,"170":0,"171":0,"172":0,"175":0,"176":0,"177":0,"179":0,"182":0,"187":0,"189":0,"190":0,"191":0,"192":0,"197":0,"198":0,"199":0,"203":0,"208":0,"210":0,"211":0,"214":0,"216":0,"217":0,"220":0,"221":0,"222":0,"225":0,"226":0,"227":0,"228":0,"234":0,"237":0,"239":0,"240":0,"241":0,"244":0,"249":0,"250":0,"253":0,"255":0,"260":0,"261":0,"262":0,"265":0,"266":0,"267":0,"269":0,"270":0,"271":0,"272":0,"273":0,"281":0,"282":0,"287":0,"289":0,"290":0,"292":0,"294":0,"295":0,"300":0,"305":0,"307":0,"308":0,"310":0,"312":0,"313":0,"318":0,"323":0,"324":0,"325":0,"326":0,"327":0,"333":0,"338":0,"339":0,"340":0,"341":0,"342":0,"348":0,"356":0,"357":0,"360":0,"361":0,"364":0,"368":1,"371":1,"372":1}},"/home/travis/build/npmtest/node-npmtest-tiny-lr/node_modules/tiny-lr/src/client.js":{"path":"/home/travis/build/npmtest/node-npmtest-tiny-lr/node_modules/tiny-lr/src/client.js","s":{"1":1,"2":1,"3":1,"4":1,"5":9,"6":9,"7":9,"8":9,"9":9,"10":9,"11":1,"12":1,"13":1,"14":1,"15":0,"16":1,"17":1,"18":1,"19":1,"20":1,"21":1,"22":1,"23":1,"24":3,"25":1,"26":0,"27":0,"28":1,"29":0,"30":0,"31":0,"32":1,"33":1,"34":0,"35":1,"36":1,"37":1,"38":1,"39":1,"40":1,"41":1,"42":1,"43":0,"44":0,"45":0,"46":0,"47":0,"48":0,"49":0,"50":0,"51":0,"52":1,"53":0,"54":0,"55":0,"56":0,"57":0,"58":0,"59":0,"60":0,"61":0,"62":0,"63":0,"64":0,"65":0,"66":0,"67":0,"68":0,"69":0,"70":0,"71":0,"72":0,"73":0,"74":0,"75":0,"76":0,"77":0,"78":0,"79":1,"80":1,"81":1},"b":{"1":[9,9],"2":[9,0],"3":[1,0],"4":[0,1],"5":[0,3],"6":[3,3],"7":[0,0],"8":[0,0],"9":[0,0],"10":[0,0,0],"11":[0,1],"12":[1,0],"13":[1,1],"14":[1,0],"15":[1,0],"16":[0,0],"17":[0,0],"18":[0,0],"19":[0,0],"20":[0,0],"21":[0,0],"22":[0,0],"23":[0,0],"24":[0,0]},"f":{"1":1,"2":1,"3":1,"4":3,"5":0,"6":0,"7":1,"8":1,"9":0,"10":0,"11":0,"12":0,"13":0,"14":0,"15":0,"16":0,"17":0,"18":0,"19":0},"fnMap":{"1":{"name":"(anonymous_1)","line":7,"loc":{"start":{"line":7,"column":19},"end":{"line":7,"column":31}}},"2":{"name":"defineProperties","line":7,"loc":{"start":{"line":7,"column":33},"end":{"line":7,"column":74}}},"3":{"name":"(anonymous_3)","line":7,"loc":{"start":{"line":7,"column":357},"end":{"line":7,"column":405}}},"4":{"name":"_interopRequireDefault","line":21,"loc":{"start":{"line":21,"column":0},"end":{"line":21,"column":37}}},"5":{"name":"_classCallCheck","line":23,"loc":{"start":{"line":23,"column":0},"end":{"line":23,"column":48}}},"6":{"name":"_possibleConstructorReturn","line":25,"loc":{"start":{"line":25,"column":0},"end":{"line":25,"column":48}}},"7":{"name":"_inherits","line":27,"loc":{"start":{"line":27,"column":0},"end":{"line":27,"column":41}}},"8":{"name":"(anonymous_8)","line":33,"loc":{"start":{"line":33,"column":13},"end":{"line":33,"column":45}}},"9":{"name":"Client","line":36,"loc":{"start":{"line":36,"column":2},"end":{"line":36,"column":37}}},"10":{"name":"message","line":53,"loc":{"start":{"line":53,"column":11},"end":{"line":53,"column":35}}},"11":{"name":"close","line":59,"loc":{"start":{"line":59,"column":11},"end":{"line":59,"column":33}}},"12":{"name":"hello","line":72,"loc":{"start":{"line":72,"column":11},"end":{"line":72,"column":28}}},"13":{"name":"info","line":81,"loc":{"start":{"line":81,"column":11},"end":{"line":81,"column":31}}},"14":{"name":"reload","line":96,"loc":{"start":{"line":96,"column":11},"end":{"line":96,"column":34}}},"15":{"name":"(anonymous_15)","line":97,"loc":{"start":{"line":97,"column":20},"end":{"line":97,"column":36}}},"16":{"name":"alert","line":108,"loc":{"start":{"line":108,"column":11},"end":{"line":108,"column":35}}},"17":{"name":"data","line":119,"loc":{"start":{"line":119,"column":11},"end":{"line":119,"column":32}}},"18":{"name":"send","line":128,"loc":{"start":{"line":128,"column":11},"end":{"line":128,"column":31}}},"19":{"name":"uniqueId","line":134,"loc":{"start":{"line":134,"column":11},"end":{"line":134,"column":37}}}},"statementMap":{"1":{"start":{"line":3,"column":0},"end":{"line":5,"column":3}},"2":{"start":{"line":7,"column":0},"end":{"line":7,"column":564}},"3":{"start":{"line":7,"column":33},"end":{"line":7,"column":349}},"4":{"start":{"line":7,"column":76},"end":{"line":7,"column":347}},"5":{"start":{"line":7,"column":117},"end":{"line":7,"column":143}},"6":{"start":{"line":7,"column":144},"end":{"line":7,"column":199}},"7":{"start":{"line":7,"column":200},"end":{"line":7,"column":231}},"8":{"start":{"line":7,"column":232},"end":{"line":7,"column":286}},"9":{"start":{"line":7,"column":259},"end":{"line":7,"column":286}},"10":{"start":{"line":7,"column":287},"end":{"line":7,"column":345}},"11":{"start":{"line":7,"column":350},"end":{"line":7,"column":559}},"12":{"start":{"line":7,"column":407},"end":{"line":7,"column":475}},"13":{"start":{"line":7,"column":423},"end":{"line":7,"column":475}},"14":{"start":{"line":7,"column":476},"end":{"line":7,"column":536}},"15":{"start":{"line":7,"column":493},"end":{"line":7,"column":536}},"16":{"start":{"line":7,"column":537},"end":{"line":7,"column":556}},"17":{"start":{"line":9,"column":0},"end":{"line":9,"column":32}},"18":{"start":{"line":11,"column":0},"end":{"line":11,"column":47}},"19":{"start":{"line":13,"column":0},"end":{"line":13,"column":47}},"20":{"start":{"line":15,"column":0},"end":{"line":15,"column":61}},"21":{"start":{"line":17,"column":0},"end":{"line":17,"column":45}},"22":{"start":{"line":19,"column":0},"end":{"line":19,"column":59}},"23":{"start":{"line":21,"column":0},"end":{"line":21,"column":95}},"24":{"start":{"line":21,"column":39},"end":{"line":21,"column":93}},"25":{"start":{"line":23,"column":0},"end":{"line":23,"column":153}},"26":{"start":{"line":23,"column":50},"end":{"line":23,"column":151}},"27":{"start":{"line":23,"column":92},"end":{"line":23,"column":149}},"28":{"start":{"line":25,"column":0},"end":{"line":25,"column":240}},"29":{"start":{"line":25,"column":50},"end":{"line":25,"column":151}},"30":{"start":{"line":25,"column":63},"end":{"line":25,"column":149}},"31":{"start":{"line":25,"column":152},"end":{"line":25,"column":238}},"32":{"start":{"line":27,"column":0},"end":{"line":27,"column":494}},"33":{"start":{"line":27,"column":43},"end":{"line":27,"column":208}},"34":{"start":{"line":27,"column":106},"end":{"line":27,"column":206}},"35":{"start":{"line":27,"column":209},"end":{"line":27,"column":373}},"36":{"start":{"line":27,"column":374},"end":{"line":27,"column":492}},"37":{"start":{"line":27,"column":390},"end":{"line":27,"column":492}},"38":{"start":{"line":29,"column":0},"end":{"line":29,"column":46}},"39":{"start":{"line":31,"column":0},"end":{"line":31,"column":18}},"40":{"start":{"line":33,"column":0},"end":{"line":141,"column":33}},"41":{"start":{"line":34,"column":2},"end":{"line":34,"column":42}},"42":{"start":{"line":36,"column":2},"end":{"line":49,"column":3}},"43":{"start":{"line":37,"column":4},"end":{"line":37,"column":89}},"44":{"start":{"line":39,"column":4},"end":{"line":39,"column":34}},"45":{"start":{"line":41,"column":4},"end":{"line":41,"column":113}},"46":{"start":{"line":43,"column":4},"end":{"line":43,"column":28}},"47":{"start":{"line":44,"column":4},"end":{"line":44,"column":62}},"48":{"start":{"line":45,"column":4},"end":{"line":45,"column":51}},"49":{"start":{"line":46,"column":4},"end":{"line":46,"column":47}},"50":{"start":{"line":47,"column":4},"end":{"line":47,"column":36}},"51":{"start":{"line":48,"column":4},"end":{"line":48,"column":17}},"52":{"start":{"line":51,"column":2},"end":{"line":138,"column":6}},"53":{"start":{"line":54,"column":6},"end":{"line":54,"column":34}},"54":{"start":{"line":55,"column":6},"end":{"line":55,"column":62}},"55":{"start":{"line":55,"column":30},"end":{"line":55,"column":62}},"56":{"start":{"line":60,"column":6},"end":{"line":63,"column":7}},"57":{"start":{"line":61,"column":8},"end":{"line":61,"column":24}},"58":{"start":{"line":62,"column":8},"end":{"line":62,"column":23}},"59":{"start":{"line":65,"column":6},"end":{"line":65,"column":30}},"60":{"start":{"line":73,"column":6},"end":{"line":77,"column":9}},"61":{"start":{"line":82,"column":6},"end":{"line":87,"column":7}},"62":{"start":{"line":83,"column":8},"end":{"line":83,"column":28}},"63":{"start":{"line":84,"column":8},"end":{"line":84,"column":82}},"64":{"start":{"line":85,"column":8},"end":{"line":85,"column":36}},"65":{"start":{"line":86,"column":8},"end":{"line":86,"column":28}},"66":{"start":{"line":89,"column":6},"end":{"line":89,"column":89}},"67":{"start":{"line":97,"column":6},"end":{"line":104,"column":15}},"68":{"start":{"line":98,"column":8},"end":{"line":103,"column":11}},"69":{"start":{"line":109,"column":6},"end":{"line":112,"column":9}},"70":{"start":{"line":120,"column":6},"end":{"line":120,"column":20}},"71":{"start":{"line":121,"column":6},"end":{"line":123,"column":20}},"72":{"start":{"line":122,"column":8},"end":{"line":122,"column":38}},"73":{"start":{"line":124,"column":6},"end":{"line":124,"column":18}},"74":{"start":{"line":129,"column":6},"end":{"line":129,"column":27}},"75":{"start":{"line":129,"column":20},"end":{"line":129,"column":27}},"76":{"start":{"line":130,"column":6},"end":{"line":130,"column":41}},"77":{"start":{"line":135,"column":6},"end":{"line":135,"column":27}},"78":{"start":{"line":136,"column":6},"end":{"line":136,"column":39}},"79":{"start":{"line":140,"column":2},"end":{"line":140,"column":16}},"80":{"start":{"line":143,"column":0},"end":{"line":143,"column":25}},"81":{"start":{"line":144,"column":0},"end":{"line":144,"column":36}}},"branchMap":{"1":{"line":7,"type":"binary-expr","locations":[{"start":{"line":7,"column":168},"end":{"line":7,"column":189}},{"start":{"line":7,"column":193},"end":{"line":7,"column":198}}]},"2":{"line":7,"type":"if","locations":[{"start":{"line":7,"column":232},"end":{"line":7,"column":232}},{"start":{"line":7,"column":232},"end":{"line":7,"column":232}}]},"3":{"line":7,"type":"if","locations":[{"start":{"line":7,"column":407},"end":{"line":7,"column":407}},{"start":{"line":7,"column":407},"end":{"line":7,"column":407}}]},"4":{"line":7,"type":"if","locations":[{"start":{"line":7,"column":476},"end":{"line":7,"column":476}},{"start":{"line":7,"column":476},"end":{"line":7,"column":476}}]},"5":{"line":21,"type":"cond-expr","locations":[{"start":{"line":21,"column":70},"end":{"line":21,"column":73}},{"start":{"line":21,"column":76},"end":{"line":21,"column":92}}]},"6":{"line":21,"type":"binary-expr","locations":[{"start":{"line":21,"column":46},"end":{"line":21,"column":49}},{"start":{"line":21,"column":53},"end":{"line":21,"column":67}}]},"7":{"line":23,"type":"if","locations":[{"start":{"line":23,"column":50},"end":{"line":23,"column":50}},{"start":{"line":23,"column":50},"end":{"line":23,"column":50}}]},"8":{"line":25,"type":"if","locations":[{"start":{"line":25,"column":50},"end":{"line":25,"column":50}},{"start":{"line":25,"column":50},"end":{"line":25,"column":50}}]},"9":{"line":25,"type":"cond-expr","locations":[{"start":{"line":25,"column":226},"end":{"line":25,"column":230}},{"start":{"line":25,"column":233},"end":{"line":25,"column":237}}]},"10":{"line":25,"type":"binary-expr","locations":[{"start":{"line":25,"column":159},"end":{"line":25,"column":163}},{"start":{"line":25,"column":168},"end":{"line":25,"column":192}},{"start":{"line":25,"column":196},"end":{"line":25,"column":222}}]},"11":{"line":27,"type":"if","locations":[{"start":{"line":27,"column":43},"end":{"line":27,"column":43}},{"start":{"line":27,"column":43},"end":{"line":27,"column":43}}]},"12":{"line":27,"type":"binary-expr","locations":[{"start":{"line":27,"column":47},"end":{"line":27,"column":79}},{"start":{"line":27,"column":83},"end":{"line":27,"column":102}}]},"13":{"line":27,"type":"binary-expr","locations":[{"start":{"line":27,"column":244},"end":{"line":27,"column":254}},{"start":{"line":27,"column":258},"end":{"line":27,"column":278}}]},"14":{"line":27,"type":"if","locations":[{"start":{"line":27,"column":374},"end":{"line":27,"column":374}},{"start":{"line":27,"column":374},"end":{"line":27,"column":374}}]},"15":{"line":27,"type":"cond-expr","locations":[{"start":{"line":27,"column":414},"end":{"line":27,"column":457}},{"start":{"line":27,"column":460},"end":{"line":27,"column":491}}]},"16":{"line":37,"type":"cond-expr","locations":[{"start":{"line":37,"column":71},"end":{"line":37,"column":83}},{"start":{"line":37,"column":86},"end":{"line":37,"column":88}}]},"17":{"line":37,"type":"binary-expr","locations":[{"start":{"line":37,"column":18},"end":{"line":37,"column":38}},{"start":{"line":37,"column":42},"end":{"line":37,"column":68}}]},"18":{"line":41,"type":"binary-expr","locations":[{"start":{"line":41,"column":50},"end":{"line":41,"column":66}},{"start":{"line":41,"column":70},"end":{"line":41,"column":99}}]},"19":{"line":55,"type":"if","locations":[{"start":{"line":55,"column":6},"end":{"line":55,"column":6}},{"start":{"line":55,"column":6},"end":{"line":55,"column":6}}]},"20":{"line":60,"type":"if","locations":[{"start":{"line":60,"column":6},"end":{"line":60,"column":6}},{"start":{"line":60,"column":6},"end":{"line":60,"column":6}}]},"21":{"line":82,"type":"if","locations":[{"start":{"line":82,"column":6},"end":{"line":82,"column":6}},{"start":{"line":82,"column":6},"end":{"line":82,"column":6}}]},"22":{"line":89,"type":"binary-expr","locations":[{"start":{"line":89,"column":45},"end":{"line":89,"column":49}},{"start":{"line":89,"column":53},"end":{"line":89,"column":55}}]},"23":{"line":129,"type":"if","locations":[{"start":{"line":129,"column":6},"end":{"line":129,"column":6}},{"start":{"line":129,"column":6},"end":{"line":129,"column":6}}]},"24":{"line":136,"type":"cond-expr","locations":[{"start":{"line":136,"column":22},"end":{"line":136,"column":33}},{"start":{"line":136,"column":36},"end":{"line":136,"column":38}}]}},"code":["'use strict';","","Object.defineProperty(exports, \"__esModule\", {","  value: true","});","","var _createClass = function () { function defineProperties(target, props) { for (var i = 0; i < props.length; i++) { var descriptor = props[i]; descriptor.enumerable = descriptor.enumerable || false; descriptor.configurable = true; if (\"value\" in descriptor) descriptor.writable = true; Object.defineProperty(target, descriptor.key, descriptor); } } return function (Constructor, protoProps, staticProps) { if (protoProps) defineProperties(Constructor.prototype, protoProps); if (staticProps) defineProperties(Constructor, staticProps); return Constructor; }; }();","","var _events = require('events');","","var _events2 = _interopRequireDefault(_events);","","var _fayeWebsocket = require('faye-websocket');","","var _fayeWebsocket2 = _interopRequireDefault(_fayeWebsocket);","","var _objectAssign = require('object-assign');","","var _objectAssign2 = _interopRequireDefault(_objectAssign);","","function _interopRequireDefault(obj) { return obj && obj.__esModule ? obj : { default: obj }; }","","function _classCallCheck(instance, Constructor) { if (!(instance instanceof Constructor)) { throw new TypeError(\"Cannot call a class as a function\"); } }","","function _possibleConstructorReturn(self, call) { if (!self) { throw new ReferenceError(\"this hasn't been initialised - super() hasn't been called\"); } return call && (typeof call === \"object\" || typeof call === \"function\") ? call : self; }","","function _inherits(subClass, superClass) { if (typeof superClass !== \"function\" && superClass !== null) { throw new TypeError(\"Super expression must either be null or a function, not \" + typeof superClass); } subClass.prototype = Object.create(superClass && superClass.prototype, { constructor: { value: subClass, enumerable: false, writable: true, configurable: true } }); if (superClass) Object.setPrototypeOf ? Object.setPrototypeOf(subClass, superClass) : subClass.__proto__ = superClass; }","","var debug = require('debug')('tinylr:client');","","var idCounter = 0;","","var Client = function (_events$EventEmitter) {","  _inherits(Client, _events$EventEmitter);","","  function Client(req, socket, head) {","    var options = arguments.length > 3 && arguments[3] !== undefined ? arguments[3] : {};","","    _classCallCheck(this, Client);","","    var _this = _possibleConstructorReturn(this, (Client.__proto__ || Object.getPrototypeOf(Client)).call(this));","","    _this.options = options;","    _this.ws = new _fayeWebsocket2.default(req, socket, head);","    _this.ws.onmessage = _this.message.bind(_this);","    _this.ws.onclose = _this.close.bind(_this);","    _this.id = _this.uniqueId('ws');","    return _this;","  }","","  _createClass(Client, [{","    key: 'message',","    value: function message(event) {","      var data = this.data(event);","      if (this[data.command]) return this[data.command](data);","    }","  }, {","    key: 'close',","    value: function close(event) {","      if (this.ws) {","        this.ws.close();","        this.ws = null;","      }","","      this.emit('end', event);","    }","","    // Commands","","  }, {","    key: 'hello',","    value: function hello() {","      this.send({","        command: 'hello',","        protocols: ['http://livereload.com/protocols/official-7'],","        serverName: 'tiny-lr'","      });","    }","  }, {","    key: 'info',","    value: function info(data) {","      if (data) {","        debug('Info', data);","        this.emit('info', (0, _objectAssign2.default)({}, data, { id: this.id }));","        this.plugins = data.plugins;","        this.url = data.url;","      }","","      return (0, _objectAssign2.default)({}, data || {}, { id: this.id, url: this.url });","    }","","    // Server commands","","  }, {","    key: 'reload',","    value: function reload(files) {","      files.forEach(function (file) {","        this.send({","          command: 'reload',","          path: file,","          liveCSS: this.options.liveCSS !== false,","          liveImg: this.options.liveImg !== false","        });","      }, this);","    }","  }, {","    key: 'alert',","    value: function alert(message) {","      this.send({","        command: 'alert',","        message: message","      });","    }","","    // Utilities","","  }, {","    key: 'data',","    value: function data(event) {","      var data = {};","      try {","        data = JSON.parse(event.data);","      } catch (e) {}","      return data;","    }","  }, {","    key: 'send',","    value: function send(data) {","      if (!this.ws) return;","      this.ws.send(JSON.stringify(data));","    }","  }, {","    key: 'uniqueId',","    value: function uniqueId(prefix) {","      var id = idCounter++;","      return prefix ? prefix + id : id;","    }","  }]);","","  return Client;","}(_events2.default.EventEmitter);","","exports.default = Client;","module.exports = exports['default'];"],"l":{"3":1,"7":9,"9":1,"11":1,"13":1,"15":1,"17":1,"19":1,"21":3,"23":1,"25":1,"27":1,"29":1,"31":1,"33":1,"34":1,"36":1,"37":0,"39":0,"41":0,"43":0,"44":0,"45":0,"46":0,"47":0,"48":0,"51":1,"54":0,"55":0,"60":0,"61":0,"62":0,"65":0,"73":0,"82":0,"83":0,"84":0,"85":0,"86":0,"89":0,"97":0,"98":0,"109":0,"120":0,"121":0,"122":0,"124":0,"129":0,"130":0,"135":0,"136":0,"140":1,"143":1,"144":1}}}